IQ-TREE multicore version 1.6.12 for Linux 64-bit built Aug 15 2019
Developed by Bui Quang Minh, Nguyen Lam Tung, Olga Chernomor,
Heiko Schmidt, Dominik Schrempf, Michael Woodhams.

Host:    fermat (AVX2, FMA3, 1009 GB RAM)
Command: ../../iqtree -s sws_tree_aln.fasta -m TESTNEW -bb 1000 -alrt 1000
Seed:    184483 (Using SPRNG - Scalable Parallel Random Number Generator)
Time:    Tue Sep  5 22:38:27 2023
Kernel:  AVX+FMA - 1 threads (128 CPU cores detected)

HINT: Use -nt option to specify number of threads because your CPU has 128 cores!
HINT: -nt AUTO will automatically determine the best number of threads to use.

Reading alignment file sws_tree_aln.fasta ... Fasta format detected
Alignment most likely contains protein sequences
Alignment has 292 sequences with 274 columns, 230 distinct patterns
196 parsimony-informative, 15 singleton sites, 63 constant sites
        Gap/Ambiguity  Composition  p-value
   1  Bovine    0.00%    passed     49.74%
   2  S57       0.00%    passed     99.99%
   3  S11       0.00%    passed    100.00%
   4  S262      0.00%    passed    100.00%
   5  S260      0.00%    passed    100.00%
   6  S261      0.00%    passed    100.00%
   7  S259      0.00%    passed    100.00%
   8  S22       0.00%    passed     99.98%
   9  S9        0.00%    passed     99.96%
  10  S50       0.00%    passed     99.97%
  11  S49       0.00%    passed     99.92%
  12  S70       0.00%    passed     99.97%
  13  S48       0.00%    passed     99.98%
  14  S69       0.00%    passed     99.93%
  15  S14       0.00%    passed     99.93%
  16  S32       0.00%    passed     99.93%
  17  S62       0.00%    passed     99.93%
  18  S20       0.00%    passed     99.97%
  19  S59       0.00%    passed     99.97%
  20  S71       0.00%    passed    100.00%
  21  S15       0.00%    passed    100.00%
  22  S33       0.00%    passed    100.00%
  23  S63       0.00%    passed    100.00%
  24  S72       0.00%    passed    100.00%
  25  S125      0.00%    passed    100.00%
  26  S127      0.00%    passed    100.00%
  27  S128      0.00%    passed    100.00%
  28  S123      0.00%    passed    100.00%
  29  S126      0.00%    passed    100.00%
  30  S116      0.00%    passed    100.00%
  31  S124      0.00%    passed    100.00%
  32  S246      0.00%    passed     99.92%
  33  S245      0.00%    passed     99.95%
  34  S243      0.00%    passed     99.95%
  35  S244      0.00%    passed     99.95%
  36  S73       0.00%    passed    100.00%
  37  S53       0.00%    passed    100.00%
  38  S52       0.00%    passed    100.00%
  39  S68       0.00%    passed    100.00%
  40  S67       0.00%    passed    100.00%
  41  S51       0.00%    passed    100.00%
  42  S66       0.00%    passed    100.00%
  43  S12       0.00%    passed    100.00%
  44  S31       0.00%    passed    100.00%
  45  S61       0.00%    passed    100.00%
  46  S241      0.00%    passed    100.00%
  47  S237      0.00%    passed    100.00%
  48  S238      0.00%    passed    100.00%
  49  S21       0.00%    passed    100.00%
  50  S242      0.00%    passed    100.00%
  51  S239      0.00%    passed    100.00%
  52  S236      0.00%    passed    100.00%
  53  S240      0.00%    passed    100.00%
  54  S255      0.00%    passed    100.00%
  55  S254      0.00%    passed    100.00%
  56  S256      0.00%    passed    100.00%
  57  S257      0.00%    passed    100.00%
  58  S258      0.00%    passed    100.00%
  59  S252      0.00%    passed     99.98%
  60  S251      0.00%    passed     99.98%
  61  S253      0.00%    passed     99.91%
  62  S19       0.00%    passed     99.97%
  63  S78       0.00%    passed     99.97%
  64  S47       0.00%    passed    100.00%
  65  S46       0.00%    passed    100.00%
  66  S45       0.00%    passed    100.00%
  67  S44       0.00%    passed    100.00%
  68  S13       0.00%    passed    100.00%
  69  S42       0.00%    passed    100.00%
  70  S43       0.00%    passed    100.00%
  71  S10       0.00%    passed    100.00%
  72  S30       0.00%    passed    100.00%
  73  S64       0.00%    passed    100.00%
  74  S122      0.00%    passed     99.99%
  75  S130      0.00%    passed    100.00%
  76  S129      0.00%    passed    100.00%
  77  S131      0.00%    passed    100.00%
  78  S132      0.00%    passed    100.00%
  79  S121      0.00%    passed    100.00%
  80  S119      0.00%    passed    100.00%
  81  S145      0.00%    passed    100.00%
  82  S152      0.00%    passed    100.00%
  83  S151      0.00%    passed    100.00%
  84  S148      0.00%    passed    100.00%
  85  S149      0.00%    passed    100.00%
  86  S150      0.00%    passed    100.00%
  87  S147      0.00%    passed    100.00%
  88  S146      0.00%    passed    100.00%
  89  S136      0.00%    passed    100.00%
  90  S137      0.00%    passed    100.00%
  91  S133      0.00%    passed    100.00%
  92  S135      0.00%    passed    100.00%
  93  S120      0.00%    passed    100.00%
  94  S134      0.00%    passed    100.00%
  95  S138      0.00%    passed    100.00%
  96  S144      0.00%    passed    100.00%
  97  S142      0.00%    passed    100.00%
  98  S141      0.00%    passed    100.00%
  99  S140      0.00%    passed    100.00%
 100  S143      0.00%    passed    100.00%
 101  S139      0.00%    passed    100.00%
 102  S153      0.00%    passed    100.00%
 103  S156      0.00%    passed     99.99%
 104  S157      0.00%    passed     99.93%
 105  S159      0.00%    passed     99.61%
 106  S155      0.00%    passed    100.00%
 107  S158      0.00%    passed     99.98%
 108  S197      0.00%    passed     99.92%
 109  S117      0.00%    passed    100.00%
 110  S173      0.00%    passed    100.00%
 111  S172      0.00%    passed    100.00%
 112  S170      0.00%    passed    100.00%
 113  S168      0.00%    passed    100.00%
 114  S196      0.00%    passed     99.99%
 115  S195      0.00%    passed     99.99%
 116  S154      0.00%    passed    100.00%
 117  S193      0.00%    passed    100.00%
 118  S194      0.00%    passed    100.00%
 119  S192      0.00%    passed    100.00%
 120  S191      0.00%    passed    100.00%
 121  S190      0.00%    passed    100.00%
 122  S189      0.00%    passed    100.00%
 123  S186      0.00%    passed    100.00%
 124  S171      0.00%    passed    100.00%
 125  S169      0.00%    passed    100.00%
 126  S188      0.00%    passed    100.00%
 127  S187      0.00%    passed    100.00%
 128  S183      0.00%    passed    100.00%
 129  S182      0.00%    passed    100.00%
 130  S181      0.00%    passed    100.00%
 131  S177      0.00%    passed    100.00%
 132  S185      0.00%    passed    100.00%
 133  S184      0.00%    passed    100.00%
 134  S180      0.00%    passed    100.00%
 135  S179      0.00%    passed    100.00%
 136  S178      0.00%    passed    100.00%
 137  S175      0.00%    passed    100.00%
 138  S118      0.00%    passed    100.00%
 139  S174      0.00%    passed    100.00%
 140  S176      0.00%    passed    100.00%
 141  S161      0.00%    passed    100.00%
 142  S160      0.00%    passed    100.00%
 143  S162      0.00%    passed    100.00%
 144  S164      0.00%    passed     99.98%
 145  S163      0.00%    passed    100.00%
 146  S166      0.00%    passed     99.99%
 147  S167      0.00%    passed     99.97%
 148  S165      0.00%    passed     99.97%
 149  S271      0.00%    passed     99.89%
 150  S269      0.00%    passed     99.78%
 151  S267      0.00%    passed     99.89%
 152  S270      0.00%    passed     99.83%
 153  S268      0.00%    passed     99.85%
 154  S273      0.00%    passed     99.61%
 155  S8        0.00%    passed     99.82%
 156  S29       0.00%    passed     99.82%
 157  S272      0.00%    passed     99.90%
 158  S16       0.00%    passed    100.00%
 159  S34       0.00%    passed    100.00%
 160  S232      0.00%    passed    100.00%
 161  S233      0.00%    passed    100.00%
 162  S198      0.00%    passed    100.00%
 163  S200      0.00%    passed    100.00%
 164  S199      0.00%    passed    100.00%
 165  S18       0.00%    passed     97.58%
 166  S36       0.00%    passed     97.58%
 167  S229      0.00%    passed     99.98%
 168  S230      0.00%    passed     99.99%
 169  S231      0.00%    passed     99.98%
 170  S235      0.00%    passed     99.96%
 171  S228      0.00%    passed     99.99%
 172  S204      0.00%    passed     99.99%
 173  S226      0.00%    passed     99.99%
 174  S248      0.00%    passed     99.99%
 175  S264      0.00%    passed     99.99%
 176  S247      0.00%    passed     99.99%
 177  S215      0.00%    passed     99.99%
 178  S265      0.00%    passed     99.99%
 179  S263      0.00%    passed    100.00%
 180  S234      0.00%    passed     99.99%
 181  S250      0.00%    passed     99.99%
 182  S266      0.00%    passed     99.99%
 183  S249      0.00%    passed     99.99%
 184  S227      0.00%    passed     99.99%
 185  S222      0.00%    passed     99.99%
 186  S221      0.00%    passed     99.99%
 187  S220      0.00%    passed     99.99%
 188  S219      0.00%    passed     99.99%
 189  S217      0.00%    passed     99.99%
 190  S216      0.00%    passed     99.99%
 191  S213      0.00%    passed     99.99%
 192  S212      0.00%    passed    100.00%
 193  S210      0.00%    passed     99.99%
 194  S207      0.00%    passed    100.00%
 195  S208      0.00%    passed    100.00%
 196  S209      0.00%    passed     99.99%
 197  S211      0.00%    passed     99.98%
 198  S218      0.00%    passed    100.00%
 199  S223      0.00%    passed     99.99%
 200  S224      0.00%    passed     99.99%
 201  S225      0.00%    passed     99.99%
 202  S17       0.00%    passed     99.99%
 203  S35       0.00%    passed     99.99%
 204  S214      0.00%    passed     99.99%
 205  S206      0.00%    passed    100.00%
 206  S205      0.00%    passed    100.00%
 207  S201      0.00%    passed    100.00%
 208  S203      0.00%    passed    100.00%
 209  S202      0.00%    passed    100.00%
 210  S7        0.00%    passed     55.62%
 211  S6        0.00%    passed     73.64%
 212  S28       0.00%    passed     73.64%
 213  S60       0.00%    passed     73.64%
 214  S75       0.00%    passed     73.64%
 215  S65       0.00%    passed     73.64%
 216  S76       0.00%    passed     73.64%
 217  S77       0.00%    passed     73.64%
 218  S56       0.00%    passed     97.93%
 219  S114      0.00%    passed     99.89%
 220  S58       0.00%    passed     98.38%
 221  S276      0.00%    passed     97.55%
 222  S275      0.00%    passed     98.06%
 223  S38       0.00%    passed     97.17%
 224  S274      0.00%    passed     96.98%
 225  S279      0.00%    passed     97.38%
 226  S283      0.00%    passed     98.81%
 227  S281      0.00%    passed     98.79%
 228  S280      0.00%    passed     98.24%
 229  S278      0.00%    passed     97.15%
 230  S284      0.00%    passed     98.22%
 231  S277      0.00%    passed     98.35%
 232  S282      0.00%    passed     97.25%
 233  S285      0.00%    passed     97.44%
 234  S41       0.00%    passed     84.68%
 235  S40       0.00%    passed     95.31%
 236  S74       0.00%    passed     94.06%
 237  S39       0.00%    passed     92.55%
 238  S289      0.00%    passed     89.27%
 239  S291      0.00%    passed     91.91%
 240  S290      0.00%    passed     92.68%
 241  S94       0.00%    passed     96.23%
 242  S101      0.00%    passed     95.07%
 243  S100      0.00%    passed     95.85%
 244  S97       0.00%    passed     94.83%
 245  S96       0.00%    passed     95.81%
 246  S95       0.00%    passed     95.49%
 247  S93       0.00%    passed     95.64%
 248  S92       0.00%    passed     95.64%
 249  S98       0.00%    passed     96.80%
 250  S99       0.00%    passed     95.53%
 251  S102      0.00%    passed     95.79%
 252  S89       0.00%    passed     95.81%
 253  S91       0.00%    passed     95.81%
 254  S108      0.00%    passed     99.34%
 255  S112      0.00%    passed     99.12%
 256  S111      0.00%    passed     98.99%
 257  S109      0.00%    passed     98.99%
 258  S107      0.00%    passed     99.12%
 259  S106      0.00%    passed     98.74%
 260  S105      0.00%    passed     99.06%
 261  S104      0.00%    passed     99.12%
 262  S103      0.00%    passed     99.33%
 263  S110      0.00%    passed     99.22%
 264  S37       0.00%    passed     99.16%
 265  S90       0.00%    passed     99.16%
 266  S115      0.00%    passed     99.16%
 267  S287      0.00%    passed     99.26%
 268  S286      0.00%    passed     99.06%
 269  S288      0.00%    passed     99.33%
 270  S113      0.00%    passed     99.20%
 271  S80       0.00%    passed     99.50%
 272  S86       0.00%    passed     81.78%
 273  S55       0.00%    passed     93.61%
 274  S84       0.00%    passed     93.61%
 275  S88       0.00%    passed     98.77%
 276  S85       0.00%    passed     67.36%
 277  S54       0.00%    passed     46.36%
 278  S83       0.00%    passed     46.36%
 279  S87       0.00%    passed     77.55%
 280  S5        0.00%    passed     97.21%
 281  S24       0.00%    passed     97.21%
 282  S4        0.00%    passed     96.87%
 283  S23       0.00%    passed     96.87%
 284  S2        0.00%    passed     97.21%
 285  S26       0.00%    passed     97.21%
 286  S1        0.00%    passed     96.78%
 287  S27       0.00%    passed     96.78%
 288  S3        0.00%    passed     97.61%
 289  S25       0.00%    passed     97.61%
 290  S79       0.00%    passed     97.43%
 291  S81       0.00%    passed     97.43%
 292  S82       0.00%    passed     97.05%
****  TOTAL     0.00%  0 sequences failed composition chi2 test (p-value<5%; df=19)
NOTE: S32 is identical to S14 but kept for subsequent analysis
NOTE: S59 is identical to S20 but kept for subsequent analysis
NOTE: S33 is identical to S15 but kept for subsequent analysis
NOTE: S116 is identical to S123 but kept for subsequent analysis
NOTE: S31 is identical to S12 but kept for subsequent analysis
NOTE: S78 is identical to S19 but kept for subsequent analysis
NOTE: S42 is identical to S13 but kept for subsequent analysis
NOTE: S30 is identical to S10 but kept for subsequent analysis
NOTE: S121 is identical to S132 but kept for subsequent analysis
NOTE: S149 is identical to S151 but kept for subsequent analysis
NOTE: S146 is identical to S148 but kept for subsequent analysis
NOTE: S133 is identical to S136 but kept for subsequent analysis
NOTE: S139 is identical to S137 but kept for subsequent analysis
NOTE: S138 is identical to S135 but kept for subsequent analysis
NOTE: S134 is identical to S120 but kept for subsequent analysis
NOTE: S29 is identical to S8 but kept for subsequent analysis
NOTE: S34 is identical to S16 but kept for subsequent analysis
NOTE: S36 is identical to S18 but kept for subsequent analysis
NOTE: S226 is identical to S204 but kept for subsequent analysis
NOTE: S250 is identical to S234 but kept for subsequent analysis
NOTE: S213 is identical to S217 but kept for subsequent analysis
NOTE: S28 is identical to S6 but kept for subsequent analysis
NOTE: S89 is identical to S96 but kept for subsequent analysis
NOTE: S90 is identical to S37 but kept for subsequent analysis
NOTE: S84 is identical to S55 but kept for subsequent analysis
NOTE: S83 is identical to S54 but kept for subsequent analysis
NOTE: S24 is identical to S5 but kept for subsequent analysis
NOTE: S23 is identical to S4 but kept for subsequent analysis
NOTE: S26 is identical to S2 but kept for subsequent analysis
NOTE: S27 is identical to S1 but kept for subsequent analysis
NOTE: S25 is identical to S3 but kept for subsequent analysis
NOTE: S81 is identical to S79 but kept for subsequent analysis
NOTE: 16 identical sequences (see below) will be ignored for subsequent analysis
NOTE: S62 (identical to S14) is ignored but added at the end
NOTE: S63 (identical to S15) is ignored but added at the end
NOTE: S124 (identical to S123) is ignored but added at the end
NOTE: S61 (identical to S12) is ignored but added at the end
NOTE: S64 (identical to S10) is ignored but added at the end
NOTE: S266 (identical to S234) is ignored but added at the end
NOTE: S225 (identical to S217) is ignored but added at the end
NOTE: S17 (identical to S217) is ignored but added at the end
NOTE: S35 (identical to S217) is ignored but added at the end
NOTE: S60 (identical to S6) is ignored but added at the end
NOTE: S75 (identical to S6) is ignored but added at the end
NOTE: S65 (identical to S6) is ignored but added at the end
NOTE: S76 (identical to S6) is ignored but added at the end
NOTE: S77 (identical to S6) is ignored but added at the end
NOTE: S91 (identical to S96) is ignored but added at the end
NOTE: S115 (identical to S37) is ignored but added at the end

For your convenience alignment with unique sequences printed to sws_tree_aln.fasta.uniqueseq.phy


Create initial parsimony tree by phylogenetic likelihood library (PLL)... 0.064 seconds
NOTE: ModelFinder requires 108 MB RAM!
ModelFinder will test 546 protein models (sample size: 274) ...
 No. Model         -LnL         df  AIC          AICc         BIC
  1  Dayhoff       10860.454    549 22818.907    626718.907   24802.515
  2  Dayhoff+I     10579.980    550 22259.959    628359.959   24247.180
  3  Dayhoff+G4    10226.340    550 21552.681    627652.681   23539.901
  4  Dayhoff+I+G4  10214.052    551 21530.104    629834.104   23520.938
  5  Dayhoff+R2    10323.143    551 21748.287    630052.287   23739.120
  6  Dayhoff+R3    10230.868    553 21567.737    634291.737   23565.796
  7  Dayhoff+R4    10211.170    555 21532.339    638692.339   23537.626
  8  Dayhoff+R5    10205.968    557 21525.937    643137.937   23538.449
 14  Dayhoff+F     10588.213    568 22312.426    668696.426   24364.683
 15  Dayhoff+F+I   10335.280    569 21808.560    670468.560   23864.430
 16  Dayhoff+F+G4  10016.002    569 21170.004    669830.004   23225.874
 17  Dayhoff+F+I+G4 10006.569    570 21153.139    672093.139   23212.622
 18  Dayhoff+F+R2  10093.122    570 21326.244    672266.244   23385.727
 19  Dayhoff+F+R3  10020.884    572 21185.768    676697.768   23252.478
 20  Dayhoff+F+R4  10002.607    574 21153.214    681253.214   23227.150
 21  Dayhoff+F+R5  9996.159     576 21144.318    685848.318   23225.480
 22  Dayhoff+F+R6  9993.136     578 21142.272    690466.272   23230.660
 27  mtMAM         11219.560    549 23537.120    627437.120   25520.727
 28  mtMAM+I       10993.885    550 23087.770    629187.770   25074.990
 29  mtMAM+G4      10508.822    550 22117.644    628217.644   24104.864
 30  mtMAM+I+G4    10502.912    551 22107.824    630411.824   24098.658
 31  mtMAM+R2      10624.741    551 22351.482    630655.482   24342.315
 32  mtMAM+R3      10522.841    553 22151.682    634875.682   24149.742
 33  mtMAM+R4      10502.695    555 22115.391    639275.391   24120.677
 34  mtMAM+R5      10494.790    557 22103.581    643715.581   24116.093
 35  mtMAM+R6      10491.092    559 22100.184    648180.184   24119.923
 40  mtMAM+F       11003.194    568 23142.387    669526.387   25194.644
 41  mtMAM+F+I     10764.110    569 22666.220    671326.220   24722.090
 42  mtMAM+F+G4    10300.052    569 21738.103    670398.103   23793.973
 43  mtMAM+F+I+G4  10296.684    570 21733.369    672673.369   23792.852
 44  mtMAM+F+R2    10424.972    570 21989.944    672929.944   24049.427
 45  mtMAM+F+R3    10317.684    572 21779.367    677291.367   23846.076
 46  mtMAM+F+R4    10293.478    574 21734.956    681834.956   23808.892
 47  mtMAM+F+R5    10285.914    576 21723.829    686427.829   23804.991
 48  mtMAM+F+R6    10281.356    578 21718.712    691042.712   23807.100
 53  JTT           10659.374    549 22416.748    626316.748   24400.355
 54  JTT+I         10398.055    550 21896.111    627996.111   23883.331
 55  JTT+G4        10072.836    550 21245.672    627345.672   23232.892
 56  JTT+I+G4      10061.227    551 21224.454    629528.454   23215.287
 57  JTT+R2        10147.935    551 21397.871    629701.871   23388.704
 58  JTT+R3        10073.628    553 21253.256    633977.256   23251.316
 59  JTT+R4        10053.319    555 21216.638    638376.638   23221.924
 60  JTT+R5        10049.588    557 21213.176    642825.176   23225.688
 66  JTT+F         10487.813    568 22111.626    668495.626   24163.883
 67  JTT+F+I       10246.613    569 21631.226    670291.226   23687.096
 68  JTT+F+G4      9932.298     569 21002.595    669662.595   23058.465
 69  JTT+F+I+G4    9922.272     570 20984.543    671924.543   23044.026
 70  JTT+F+R2      10002.448    570 21144.897    672084.897   23204.380
 71  JTT+F+R3      9935.128     572 21014.256    676526.256   23080.965
 72  JTT+F+R4      9914.079     574 20976.159    681076.159   23050.094
 73  JTT+F+R5      9911.170     576 20974.340    685678.340   23055.501
 79  WAG           10700.222    549 22498.444    626398.444   24482.052
 80  WAG+I         10423.376    550 21946.751    628046.751   23933.972
 81  WAG+G4        10093.698    550 21287.395    627387.395   23274.616
 82  WAG+I+G4      10081.988    551 21265.976    629569.976   23256.810
 83  WAG+R2        10178.066    551 21458.131    629762.131   23448.965
 84  WAG+R3        10096.159    553 21298.319    634022.319   23296.379
 85  WAG+R4        10075.243    555 21260.486    638420.486   23265.772
 86  WAG+R5        10074.028    557 21262.057    642874.057   23274.569
 92  WAG+F         10513.954    568 22163.908    668547.908   24216.165
 93  WAG+F+I       10257.917    569 21653.834    670313.834   23709.704
 94  WAG+F+G4      9938.318     569 21014.635    669674.635   23070.505
 95  WAG+F+I+G4    9929.153     570 20998.307    671938.307   23057.790
 96  WAG+F+R2      10012.453    570 21164.907    672104.907   23224.390
 97  WAG+F+R3      9944.153     572 21032.306    676544.306   23099.015
 98  WAG+F+R4      9921.115     574 20990.230    681090.230   23064.165
 99  WAG+F+R5      9920.951     576 20993.903    685697.903   23075.065
105  cpREV         10701.518    549 22501.035    626401.035   24484.643
106  cpREV+I       10407.167    550 21914.333    628014.333   23901.554
107  cpREV+G4      10054.990    550 21209.981    627309.981   23197.201
108  cpREV+I+G4    10043.291    551 21188.581    629492.581   23179.415
109  cpREV+R2      10149.835    551 21401.670    629705.670   23392.504
110  cpREV+R3      10063.209    553 21232.419    633956.419   23230.479
111  cpREV+R4      10038.023    555 21186.045    638346.045   23191.331
112  cpREV+R5      10037.471    557 21188.942    642800.942   23201.455
118  cpREV+F       10547.751    568 22231.502    668615.502   24283.759
119  cpREV+F+I     10272.984    569 21683.969    670343.969   23739.838
120  cpREV+F+G4    9941.510     569 21021.019    669681.019   23076.889
121  cpREV+F+I+G4  9931.074     570 21002.148    671942.148   23061.631
122  cpREV+F+R2    10029.479    570 21198.958    672138.958   23258.441
123  cpREV+F+R3    9949.510     572 21043.019    676555.019   23109.728
124  cpREV+F+R4    9923.252     574 20994.504    681094.504   23068.439
125  cpREV+F+R5    9922.919     576 20997.838    685701.838   23078.999
131  mtREV         10865.603    549 22829.205    626729.205   24812.813
132  mtREV+I       10629.397    550 22358.794    628458.794   24346.014
133  mtREV+G4      10255.384    550 21610.768    627710.768   23597.989
134  mtREV+I+G4    10248.932    551 21599.863    629903.863   23590.697
135  mtREV+R2      10352.988    551 21807.976    630111.976   23798.809
136  mtREV+R3      10264.936    553 21635.871    634359.871   23633.931
137  mtREV+R4      10247.337    555 21604.674    638764.674   23609.960
138  mtREV+R5      10247.174    557 21608.347    643220.347   23620.860
144  mtREV+F       10608.354    568 22352.708    668736.708   24404.965
145  mtREV+F+I     10366.014    569 21870.029    670530.029   23925.898
146  mtREV+F+G4    10009.714    569 21157.428    669817.428   23213.298
147  mtREV+F+I+G4  10003.118    570 21146.237    672086.237   23205.720
148  mtREV+F+R2    10106.848    570 21353.697    672293.697   23413.180
149  mtREV+F+R3    10020.454    572 21184.907    676696.907   23251.617
150  mtREV+F+R4    9996.305     574 21140.611    681240.611   23214.546
151  mtREV+F+R5    9996.021     576 21144.041    685848.041   23225.203
157  rtREV         10883.530    549 22865.060    626765.060   24848.667
158  rtREV+I       10619.548    550 22339.095    628439.095   24326.316
159  rtREV+G4      10266.558    550 21633.115    627733.115   23620.336
160  rtREV+I+G4    10256.404    551 21614.807    629918.807   23605.641
161  rtREV+R2      10352.922    551 21807.843    630111.843   23798.677
162  rtREV+R3      10269.774    553 21645.548    634369.548   23643.608
163  rtREV+R4      10248.919    555 21607.837    638767.837   23613.124
164  rtREV+R5      10248.784    557 21611.569    643223.569   23624.081
170  rtREV+F       10695.325    568 22526.649    668910.649   24578.906
171  rtREV+F+I     10437.186    569 22012.371    670672.371   24068.241
172  rtREV+F+G4    10071.417    569 21280.834    669940.834   23336.704
173  rtREV+F+I+G4  10064.099    570 21268.198    672208.198   23327.681
174  rtREV+F+R2    10159.100    570 21458.200    672398.200   23517.683
175  rtREV+F+R3    10079.335    572 21302.669    676814.669   23369.378
176  rtREV+F+R4    10059.024    574 21266.049    681366.049   23339.985
177  rtREV+F+R5    10058.882    576 21269.763    685973.763   23350.925
183  mtART         10790.052    549 22678.104    626578.104   24661.712
184  mtART+I       10551.471    550 22202.942    628302.942   24190.163
185  mtART+G4      10118.689    550 21337.377    627437.377   23324.598
186  mtART+I+G4    10114.386    551 21330.771    629634.771   23321.605
187  mtART+R2      10234.957    551 21571.914    629875.914   23562.747
188  mtART+R3      10130.565    553 21367.131    634091.131   23365.190
189  mtART+R4      10115.445    555 21340.889    638500.889   23346.175
190  mtART+R5      10115.314    557 21344.627    642956.627   23357.140
196  mtART+F       10691.139    568 22518.278    668902.278   24570.535
197  mtART+F+I     10451.429    569 22040.857    670700.857   24096.727
198  mtART+F+G4    10033.742    569 21205.484    669865.484   23261.354
199  mtART+F+I+G4  10029.241    570 21198.482    672138.482   23257.965
200  mtART+F+R2    10152.327    570 21444.654    672384.654   23504.137
201  mtART+F+R3    10048.001    572 21240.002    676752.002   23306.711
202  mtART+F+R4    10028.602    574 21205.203    681305.203   23279.139
203  mtART+F+R5    10028.599    576 21209.197    685913.197   23290.359
209  mtZOA         10513.062    549 22124.124    626024.124   24107.732
210  mtZOA+I       10292.365    550 21684.731    627784.731   23671.951
211  mtZOA+G4      9902.458     550 20904.915    627004.915   22892.136
212  mtZOA+I+G4    9897.304     551 20896.608    629200.608   22887.441
213  mtZOA+R2      9998.951     551 21099.902    629403.902   23090.736
214  mtZOA+R3      9911.659     553 20929.319    633653.319   22927.379
215  mtZOA+R4      9895.111     555 20900.221    638060.221   22905.507
216  mtZOA+R5      9895.111     557 20904.222    642516.222   22916.734
222  mtZOA+F       10486.582    568 22109.164    668493.164   24161.420
223  mtZOA+F+I     10261.286    569 21660.571    670320.571   23716.441
224  mtZOA+F+G4    9886.572     569 20911.144    669571.144   22967.014
225  mtZOA+F+I+G4  9880.758     570 20901.517    671841.517   22961.000
226  mtZOA+F+R2    9981.435     570 21102.871    672042.871   23162.354
227  mtZOA+F+R3    9896.556     572 20937.112    676449.112   23003.821
228  mtZOA+F+R4    9876.594     574 20901.189    681001.189   22975.124
229  mtZOA+F+R5    9876.575     576 20905.150    685609.150   22986.312
235  VT            10677.406    549 22452.812    626352.812   24436.419
236  VT+I          10412.482    550 21924.964    628024.964   23912.184
237  VT+G4         10104.517    550 21309.035    627409.035   23296.255
238  VT+I+G4       10093.050    551 21288.100    629592.100   23278.934
239  VT+R2         10173.119    551 21448.237    629752.237   23439.071
240  VT+R3         10104.756    553 21315.512    634039.512   23313.571
241  VT+R4         10079.648    555 21269.296    638429.296   23274.582
242  VT+R5         10079.583    557 21273.165    642885.165   23285.677
248  VT+F          10502.667    568 22141.334    668525.334   24193.591
249  VT+F+I        10253.454    569 21644.908    670304.908   23700.778
250  VT+F+G4       9950.860     569 21039.719    669699.719   23095.589
251  VT+F+I+G4     9940.997     570 21021.993    671961.993   23081.476
252  VT+F+R2       10016.378    570 21172.757    672112.757   23232.240
253  VT+F+R3       9953.804     572 21051.607    676563.607   23118.316
254  VT+F+R4       9930.044     574 21008.087    681108.087   23082.023
255  VT+F+R5       9929.989     576 21011.978    685715.978   23093.140
261  LG            10574.416    549 22246.833    626146.833   24230.440
262  LG+I          10315.268    550 21730.536    627830.536   23717.756
263  LG+G4         9984.474     550 21068.947    627168.947   23056.168
264  LG+I+G4       9973.971     551 21049.942    629353.942   23040.776
265  LG+R2         10060.991    551 21223.981    629527.981   23214.815
266  LG+R3         9987.417     553 21080.835    633804.835   23078.895
267  LG+R4         9963.885     555 21037.769    638197.769   23043.055
268  LG+R5         9963.842     557 21041.685    642653.685   23054.197
274  LG+F          10454.246    568 22044.493    668428.493   24096.750
275  LG+F+I        10210.507    569 21559.015    670219.015   23614.885
276  LG+F+G4       9874.581     569 20887.163    669547.163   22943.033
277  LG+F+I+G4     9866.884     570 20873.768    671813.768   22933.251
278  LG+F+R2       9951.768     570 21043.535    671983.535   23103.018
279  LG+F+R3       9880.918     572 20905.836    676417.836   22972.546
280  LG+F+R4       9858.805     574 20865.610    680965.610   22939.545
281  LG+F+R5       9858.752     576 20869.503    685573.503   22950.665
287  DCMut         10860.659    549 22819.317    626719.317   24802.924
288  DCMut+I       10579.815    550 22259.631    628359.631   24246.851
289  DCMut+G4      10224.702    550 21549.403    627649.403   23536.624
290  DCMut+I+G4    10212.248    551 21526.496    629830.496   23517.330
291  DCMut+R2      10322.607    551 21747.214    630051.214   23738.048
292  DCMut+R3      10228.582    553 21563.165    634287.165   23561.225
293  DCMut+R4      10201.423    555 21512.846    638672.846   23518.132
294  DCMut+R5      10201.313    557 21516.627    643128.627   23529.139
300  DCMut+F       10590.404    568 22316.808    668700.808   24369.065
301  DCMut+F+I     10336.996    569 21811.992    670471.992   23867.861
302  DCMut+F+G4    10015.999    569 21169.997    669829.997   23225.867
303  DCMut+F+I+G4  10006.514    570 21153.028    672093.028   23212.511
304  DCMut+F+R2    10094.024    570 21328.049    672268.049   23387.532
305  DCMut+F+R3    10020.643    572 21185.286    676697.286   23251.995
306  DCMut+F+R4    9994.733     574 21137.466    681237.466   23211.402
307  DCMut+F+R5    9994.654     576 21141.307    685845.307   23222.469
313  PMB           10673.769    549 22445.539    626345.539   24429.146
314  PMB+I         10412.770    550 21925.541    628025.541   23912.761
315  PMB+G4        10108.981    550 21317.961    627417.961   23305.182
316  PMB+I+G4      10098.545    551 21299.089    629603.089   23289.923
317  PMB+R2        10179.902    551 21461.803    629765.803   23452.637
318  PMB+R3        10111.735    553 21329.470    634053.470   23327.529
319  PMB+R4        10088.720    555 21287.441    638447.441   23292.727
320  PMB+R5        10088.687    557 21291.375    642903.375   23303.887
326  PMB+F         10587.884    568 22311.767    668695.767   24364.024
327  PMB+F+I       10336.924    569 21811.849    670471.849   23867.719
328  PMB+F+G4      10027.342    569 21192.683    669852.683   23248.553
329  PMB+F+I+G4    10018.931    570 21177.861    672117.861   23237.344
330  PMB+F+R2      10099.312    570 21338.624    672278.624   23398.107
331  PMB+F+R3      10031.617    572 21207.234    676719.234   23273.943
332  PMB+F+R4      10011.922    574 21171.844    681271.844   23245.780
333  PMB+F+R5      10011.908    576 21175.815    685879.815   23256.977
339  HIVb          11078.891    549 23255.782    627155.782   25239.389
340  HIVb+I        10788.886    550 22677.773    628777.773   24664.993
341  HIVb+G4       10404.419    550 21908.837    628008.837   23896.058
342  HIVb+I+G4     10394.727    551 21891.454    630195.454   23882.288
343  HIVb+R2       10512.968    551 22127.935    630431.935   24118.769
344  HIVb+R3       10412.917    553 21931.834    634655.834   23929.894
345  HIVb+R4       10387.374    555 21884.748    639044.748   23890.035
346  HIVb+R5       10387.367    557 21888.734    643500.734   23901.246
352  HIVb+F        10888.194    568 22912.387    669296.387   24964.644
353  HIVb+F+I      10608.146    569 22354.292    671014.292   24410.161
354  HIVb+F+G4     10226.860    569 21591.721    670251.721   23647.591
355  HIVb+F+I+G4   10217.335    570 21574.671    672514.671   23634.154
356  HIVb+F+R2     10328.561    570 21797.121    672737.121   23856.604
357  HIVb+F+R3     10238.757    572 21621.514    677133.514   23688.223
358  HIVb+F+R4     10208.492    574 21564.983    681664.983   23638.919
359  HIVb+F+R5     10208.468    576 21568.937    686272.937   23650.099
365  HIVw          11551.456    549 24200.912    628100.912   26184.519
366  HIVw+I        11254.945    550 23609.889    629709.889   25597.110
367  HIVw+G4       10810.632    550 22721.265    628821.265   24708.485
368  HIVw+I+G4     10797.774    551 22697.548    631001.548   24688.381
369  HIVw+R2       10923.212    551 22948.424    631252.424   24939.258
370  HIVw+R3       10821.896    553 22749.792    635473.792   24747.851
371  HIVw+R4       10783.558    555 22677.116    639837.116   24682.403
372  HIVw+R5       10783.530    557 22681.059    644293.059   24693.572
378  HIVw+F        11139.582    568 23415.163    669799.163   25467.420
379  HIVw+F+I      10880.078    569 22898.156    671558.156   24954.025
380  HIVw+F+G4     10480.342    569 22098.683    670758.683   24154.553
381  HIVw+F+I+G4   10471.433    570 22082.865    673022.865   24142.348
382  HIVw+F+R2     10575.657    570 22291.314    673231.314   24350.797
383  HIVw+F+R3     10488.224    572 22120.447    677632.447   24187.156
384  HIVw+F+R4     10454.661    574 22057.323    682157.323   24131.258
385  HIVw+F+R5     10454.541    576 22061.083    686765.083   24142.245
391  JTTDCMut      10660.312    549 22418.625    626318.625   24402.232
392  JTTDCMut+I    10398.263    550 21896.525    627996.525   23883.746
393  JTTDCMut+G4   10073.108    550 21246.216    627346.216   23233.437
394  JTTDCMut+I+G4 10061.426    551 21224.853    629528.853   23215.687
395  JTTDCMut+R2   10148.698    551 21399.395    629703.395   23390.229
396  JTTDCMut+R3   10074.268    553 21254.535    633978.535   23252.595
397  JTTDCMut+R4   10047.806    555 21205.611    638365.611   23210.897
398  JTTDCMut+R5   10047.752    557 21209.505    642821.505   23222.017
404  JTTDCMut+F    10486.372    568 22108.744    668492.744   24161.001
405  JTTDCMut+F+I  10244.985    569 21627.970    670287.970   23683.840
406  JTTDCMut+F+G4 9930.587     569 20999.174    669659.174   23055.044
407  JTTDCMut+F+I+G4 9920.586     570 20981.172    671921.172   23040.655
408  JTTDCMut+F+R2 10000.809    570 21141.618    672081.618   23201.101
409  JTTDCMut+F+R3 9933.792     572 21011.584    676523.584   23078.293
410  JTTDCMut+F+R4 9907.982     574 20963.965    681063.965   23037.900
411  JTTDCMut+F+R5 9907.950     576 20967.899    685671.899   23049.061
417  FLU           10987.361    549 23072.722    626972.722   25056.329
418  FLU+I         10731.768    550 22563.536    628663.536   24550.756
419  FLU+G4        10347.601    550 21795.202    627895.202   23782.423
420  FLU+I+G4      10340.996    551 21783.992    630087.992   23774.825
421  FLU+R2        10447.451    551 21996.902    630300.902   23987.735
422  FLU+R3        10356.012    553 21818.024    634542.024   23816.084
423  FLU+R4        10335.039    555 21780.079    638940.079   23785.365
424  FLU+R5        10334.999    557 21783.998    643395.998   23796.510
430  FLU+F         10741.168    568 22618.337    669002.337   24670.594
431  FLU+F+I       10511.621    569 22161.242    670821.242   24217.112
432  FLU+F+G4      10119.126    569 21376.253    670036.253   23432.123
433  FLU+F+I+G4    10116.343    570 21372.685    672312.685   23432.168
434  FLU+F+R2      10225.407    570 21590.815    672530.815   23650.298
435  FLU+F+R3      10128.151    572 21400.301    676912.301   23467.010
436  FLU+F+R4      10108.432    574 21364.865    681464.865   23438.800
437  FLU+F+R5      10108.394    576 21368.789    686072.789   23449.951
443  Blosum62      10683.075    549 22464.150    626364.150   24447.758
444  Blosum62+I    10424.180    550 21948.360    628048.360   23935.581
445  Blosum62+G4   10114.699    550 21329.398    627429.398   23316.619
446  Blosum62+I+G4 10104.922    551 21311.845    629615.845   23302.678
447  Blosum62+R2   10181.958    551 21465.917    629769.917   23456.750
448  Blosum62+R3   10120.029    553 21346.059    634070.059   23344.119
449  Blosum62+R4   10091.542    555 21293.085    638453.085   23298.371
450  Blosum62+R5   10091.525    557 21297.051    642909.051   23309.563
456  Blosum62+F    10578.834    568 22293.669    668677.669   24345.925
457  Blosum62+F+I  10328.722    569 21795.444    670455.444   23851.314
458  Blosum62+F+G4 10017.385    569 21172.770    669832.770   23228.640
459  Blosum62+F+I+G4 10009.263    570 21158.527    672098.527   23218.010
460  Blosum62+F+R2 10085.256    570 21310.511    672250.511   23369.994
461  Blosum62+F+R3 10022.256    572 21188.511    676700.511   23255.220
462  Blosum62+F+R4 9998.669     574 21145.337    681245.337   23219.273
463  Blosum62+F+R5 9998.594     576 21149.188    685853.188   23230.350
469  mtMet         10640.623    549 22379.246    626279.246   24362.853
470  mtMet+I       10426.787    550 21953.574    628053.574   23940.795
471  mtMet+G4      10057.754    550 21215.507    627315.507   23202.728
472  mtMet+I+G4    10051.822    551 21205.643    629509.643   23196.477
473  mtMet+R2      10136.257    551 21374.514    629678.514   23365.347
474  mtMet+R3      10063.146    553 21232.292    633956.292   23230.352
475  mtMet+R4      10048.889    555 21207.778    638367.778   23213.064
476  mtMet+R5      10048.820    557 21211.639    642823.639   23224.152
482  mtMet+F       10502.732    568 22141.464    668525.464   24193.721
483  mtMet+F+I     10284.634    569 21707.267    670367.267   23763.137
484  mtMet+F+G4    9927.390     569 20992.781    669652.781   23048.651
485  mtMet+F+I+G4  9921.394     570 20982.787    671922.787   23042.271
486  mtMet+F+R2    10006.522    570 21153.045    672093.045   23212.528
487  mtMet+F+R3    9934.768     572 21013.537    676525.537   23080.246
488  mtMet+F+R4    9915.489     574 20978.979    681078.979   23052.914
489  mtMet+F+R5    9915.485     576 20982.970    685686.970   23064.131
495  mtVer         10873.544    549 22845.089    626745.089   24828.696
496  mtVer+I       10667.710    550 22435.420    628535.420   24422.641
497  mtVer+G4      10258.972    550 21617.944    627717.944   23605.165
498  mtVer+I+G4    10253.659    551 21609.317    629913.317   23600.151
499  mtVer+R2      10347.042    551 21796.084    630100.084   23786.918
500  mtVer+R3      10264.958    553 21635.916    634359.916   23633.975
501  mtVer+R4      10249.894    555 21609.787    638769.787   23615.073
502  mtVer+R5      10249.872    557 21613.743    643225.743   23626.256
508  mtVer+F       10690.377    568 22516.754    668900.754   24569.011
509  mtVer+F+I     10456.016    569 22050.032    670710.032   24105.902
510  mtVer+F+G4    10074.966    569 21287.931    669947.931   23343.801
511  mtVer+F+I+G4  10069.074    570 21278.147    672218.147   23337.630
512  mtVer+F+R2    10162.345    570 21464.690    672404.690   23524.173
513  mtVer+F+R3    10085.516    572 21315.032    676827.032   23381.741
514  mtVer+F+R4    10062.881    574 21273.763    681373.763   23347.698
515  mtVer+F+R5    10062.871    576 21277.742    685981.742   23358.904
521  mtInv         10619.137    549 22336.275    626236.275   24319.882
522  mtInv+I       10390.793    550 21881.587    627981.587   23868.807
523  mtInv+G4      10050.033    550 21200.066    627300.066   23187.287
524  mtInv+I+G4    10043.182    551 21188.363    629492.363   23179.197
525  mtInv+R2      10122.270    551 21346.541    629650.541   23337.374
526  mtInv+R3      10055.290    553 21216.579    633940.579   23214.639
527  mtInv+R4      10039.140    555 21188.280    638348.280   23193.566
528  mtInv+R5      10039.135    557 21192.270    642804.270   23204.782
534  mtInv+F       10428.104    568 21992.208    668376.208   24044.465
535  mtInv+F+I     10201.696    569 21541.392    670201.392   23597.262
536  mtInv+F+G4    9867.148     569 20872.296    669532.296   22928.166
537  mtInv+F+I+G4  9859.304     570 20858.607    671798.607   22918.091
538  mtInv+F+R2    9940.413     570 21020.825    671960.825   23080.308
539  mtInv+F+R3    9871.921     572 20887.843    676399.843   22954.552
540  mtInv+F+R4    9851.249     574 20850.498    680950.498   22924.434
541  mtInv+F+R5    9851.232     576 20854.464    685558.464   22935.626
Akaike Information Criterion:           mtInv+F+R4
Corrected Akaike Information Criterion: mtZOA
Bayesian Information Criterion:         mtZOA+I+G4
Best-fit model: mtZOA+I+G4 chosen according to BIC

All model information printed to sws_tree_aln.fasta.model.gz
CPU time for ModelFinder: 914.116 seconds (0h:15m:14s)
Wall-clock time for ModelFinder: 919.170 seconds (0h:15m:19s)
Generating 1000 samples for ultrafast bootstrap (seed: 184483)...

NOTE: 43 MB RAM (0 GB) is required!
Estimate model parameters (epsilon = 0.100)
Thoroughly optimizing +I+G parameters from 10 start values...
Init pinv, alpha: 0.000, 1.000 / Estimate: 0.000, 0.641 / LogL: -9902.457
Init pinv, alpha: 0.026, 1.000 / Estimate: 0.100, 0.814 / LogL: -9897.414
Init pinv, alpha: 0.051, 1.000 / Estimate: 0.103, 0.821 / LogL: -9897.375
Init pinv, alpha: 0.077, 1.000 / Estimate: 0.099, 0.813 / LogL: -9897.430
Init pinv, alpha: 0.102, 1.000 / Estimate: 0.110, 0.840 / LogL: -9897.315
Init pinv, alpha: 0.128, 1.000 / Estimate: 0.122, 0.869 / LogL: -9897.327
Init pinv, alpha: 0.153, 1.000 / Estimate: 0.127, 0.882 / LogL: -9897.377
Init pinv, alpha: 0.179, 1.000 / Estimate: 0.126, 0.880 / LogL: -9897.375
Init pinv, alpha: 0.204, 1.000 / Estimate: 0.124, 0.875 / LogL: -9897.359
Init pinv, alpha: 0.230, 1.000 / Estimate: 0.125, 0.878 / LogL: -9897.377
Optimal pinv,alpha: 0.110, 0.840 / LogL: -9897.315

Parameters optimization took 28.548 sec
Computing ML distances based on estimated model parameters... 20.772 sec
Computing BIONJ tree...
0.138 seconds
Log-likelihood of BIONJ tree: -9934.033
--------------------------------------------------------------------
|             INITIALIZING CANDIDATE TREE SET                      |
--------------------------------------------------------------------
Generating 98 parsimony trees... 6.227 second
Computing log-likelihood of 98 initial trees ... 30.415 seconds
Current best score: -9838.651

Do NNI search on 20 best initial trees
Estimate model parameters (epsilon = 0.100)
BETTER TREE FOUND at iteration 1: -9811.335
Estimate model parameters (epsilon = 0.100)
BETTER TREE FOUND at iteration 3: -9807.732
Iteration 10 / LogL: -9851.082 / Time: 0h:2m:26s
Iteration 20 / LogL: -9839.392 / Time: 0h:3m:25s
Finish initializing candidate tree set (20)
Current best tree score: -9807.732 / CPU time: 155.451
Number of iterations: 20
--------------------------------------------------------------------
|               OPTIMIZING CANDIDATE TREE SET                      |
--------------------------------------------------------------------
Estimate model parameters (epsilon = 0.100)
BETTER TREE FOUND at iteration 26: -9805.868
Iteration 30 / LogL: -9825.412 / Time: 0h:4m:40s (0h:15m:27s left)
Estimate model parameters (epsilon = 0.100)
BETTER TREE FOUND at iteration 32: -9803.361
Estimate model parameters (epsilon = 0.100)
BETTER TREE FOUND at iteration 40: -9803.089
Iteration 40 / LogL: -9803.089 / Time: 0h:5m:54s (0h:15m:8s left)
Estimate model parameters (epsilon = 0.100)
BETTER TREE FOUND at iteration 44: -9801.371
Estimate model parameters (epsilon = 0.100)
BETTER TREE FOUND at iteration 45: -9797.322
Estimate model parameters (epsilon = 0.100)
BETTER TREE FOUND at iteration 47: -9793.756
Estimate model parameters (epsilon = 0.100)
BETTER TREE FOUND at iteration 49: -9783.224
Iteration 50 / LogL: -9973.295 / Time: 0h:7m:13s (0h:14m:36s left)
Log-likelihood cutoff on original alignment: -9891.918
Iteration 60 / LogL: -9795.165 / Time: 0h:8m:33s (0h:12m:53s left)
Iteration 70 / LogL: -9804.276 / Time: 0h:9m:58s (0h:11m:25s left)
Iteration 80 / LogL: -9798.734 / Time: 0h:11m:16s (0h:9m:51s left)
Iteration 90 / LogL: -9789.775 / Time: 0h:12m:40s (0h:8m:24s left)
Estimate model parameters (epsilon = 0.100)
BETTER TREE FOUND at iteration 98: -9781.325
Iteration 100 / LogL: -9796.983 / Time: 0h:14m:2s (0h:13m:53s left)
Log-likelihood cutoff on original alignment: -9891.918
NOTE: Bootstrap correlation coefficient of split occurrence frequencies: 0.970
NOTE: UFBoot does not converge, continue at least 100 more iterations
Estimate model parameters (epsilon = 0.100)
BETTER TREE FOUND at iteration 101: -9774.552
Estimate model parameters (epsilon = 0.100)
BETTER TREE FOUND at iteration 104: -9773.403
Iteration 110 / LogL: -9792.919 / Time: 0h:15m:29s (0h:13m:21s left)
Estimate model parameters (epsilon = 0.100)
BETTER TREE FOUND at iteration 114: -9772.454
Estimate model parameters (epsilon = 0.100)
BETTER TREE FOUND at iteration 115: -9771.651
Iteration 120 / LogL: -9773.905 / Time: 0h:16m:58s (0h:13m:32s left)
Estimate model parameters (epsilon = 0.100)
BETTER TREE FOUND at iteration 123: -9771.108
Iteration 130 / LogL: -9784.292 / Time: 0h:18m:20s (0h:13m:13s left)
Estimate model parameters (epsilon = 0.100)
BETTER TREE FOUND at iteration 135: -9769.701
Iteration 140 / LogL: -9779.653 / Time: 0h:19m:36s (0h:13m:23s left)
Iteration 150 / LogL: -9773.923 / Time: 0h:21m:5s (0h:12m:1s left)
Log-likelihood cutoff on original alignment: -9890.318
Estimate model parameters (epsilon = 0.100)
BETTER TREE FOUND at iteration 157: -9768.603
Iteration 160 / LogL: -9776.024 / Time: 0h:22m:32s (0h:13m:44s left)
Iteration 170 / LogL: -9837.895 / Time: 0h:24m:0s (0h:12m:21s left)
Iteration 180 / LogL: -9833.826 / Time: 0h:25m:25s (0h:10m:56s left)
Iteration 190 / LogL: -9773.589 / Time: 0h:26m:41s (0h:9m:27s left)
Iteration 200 / LogL: -9822.484 / Time: 0h:28m:4s (0h:8m:2s left)
Log-likelihood cutoff on original alignment: -9883.936
NOTE: Bootstrap correlation coefficient of split occurrence frequencies: 0.966
NOTE: UFBoot does not converge, continue at least 100 more iterations
Iteration 210 / LogL: -9838.109 / Time: 0h:29m:28s (0h:12m:41s left)
Estimate model parameters (epsilon = 0.100)
BETTER TREE FOUND at iteration 214: -9767.229
Iteration 220 / LogL: -9777.595 / Time: 0h:30m:55s (0h:13m:16s left)
Iteration 230 / LogL: -9774.961 / Time: 0h:32m:11s (0h:11m:48s left)
Iteration 240 / LogL: -9828.028 / Time: 0h:33m:37s (0h:10m:24s left)
Iteration 250 / LogL: -9776.887 / Time: 0h:35m:1s (0h:9m:0s left)
Log-likelihood cutoff on original alignment: -9883.936
Iteration 260 / LogL: -9812.321 / Time: 0h:36m:30s (0h:7m:36s left)
Iteration 270 / LogL: -9797.605 / Time: 0h:37m:53s (0h:6m:11s left)
Iteration 280 / LogL: -9786.286 / Time: 0h:39m:17s (0h:4m:47s left)
Iteration 290 / LogL: -9820.313 / Time: 0h:40m:42s (0h:3m:22s left)
Estimate model parameters (epsilon = 0.100)
BETTER TREE FOUND at iteration 294: -9767.130
Estimate model parameters (epsilon = 0.100)
BETTER TREE FOUND at iteration 296: -9766.279
Iteration 300 / LogL: -9816.376 / Time: 0h:42m:2s (0h:13m:29s left)
Log-likelihood cutoff on original alignment: -9883.936
NOTE: Bootstrap correlation coefficient of split occurrence frequencies: 0.992
Iteration 310 / LogL: -9802.071 / Time: 0h:43m:34s (0h:12m:41s left)
Iteration 320 / LogL: -9853.600 / Time: 0h:45m:4s (0h:11m:18s left)
Iteration 330 / LogL: -9800.663 / Time: 0h:46m:32s (0h:9m:54s left)
Iteration 340 / LogL: -9796.203 / Time: 0h:48m:3s (0h:8m:30s left)
Iteration 350 / LogL: -9781.766 / Time: 0h:49m:28s (0h:7m:5s left)
Log-likelihood cutoff on original alignment: -9883.936
Iteration 360 / LogL: -9800.269 / Time: 0h:50m:58s (0h:5m:40s left)
Estimate model parameters (epsilon = 0.100)
BETTER TREE FOUND at iteration 369: -9766.039
Iteration 370 / LogL: -9778.590 / Time: 0h:52m:37s (0h:14m:7s left)
Iteration 380 / LogL: -9766.055 / Time: 0h:54m:5s (0h:12m:42s left)
Iteration 390 / LogL: -9808.075 / Time: 0h:55m:20s (0h:11m:14s left)
Iteration 400 / LogL: -9872.877 / Time: 0h:56m:49s (0h:9m:49s left)
Log-likelihood cutoff on original alignment: -9883.936
NOTE: Bootstrap correlation coefficient of split occurrence frequencies: 0.993
Iteration 410 / LogL: -9849.182 / Time: 0h:58m:15s (0h:12m:49s left)
Iteration 420 / LogL: -9794.416 / Time: 0h:59m:41s (0h:11m:23s left)
Iteration 430 / LogL: -9773.609 / Time: 1h:1m:4s (0h:9m:57s left)
Iteration 440 / LogL: -9767.356 / Time: 1h:2m:24s (0h:8m:31s left)
Iteration 450 / LogL: -9829.695 / Time: 1h:3m:45s (0h:7m:5s left)
Log-likelihood cutoff on original alignment: -9883.936
Estimate model parameters (epsilon = 0.100)
BETTER TREE FOUND at iteration 457: -9765.103
Iteration 460 / LogL: -9767.626 / Time: 1h:5m:10s (0h:13m:46s left)
Iteration 470 / LogL: -9825.278 / Time: 1h:6m:36s (0h:12m:21s left)
Iteration 480 / LogL: -9776.702 / Time: 1h:8m:8s (0h:10m:57s left)
Iteration 490 / LogL: -9784.839 / Time: 1h:9m:31s (0h:9m:31s left)
Iteration 500 / LogL: -9772.970 / Time: 1h:10m:55s (0h:8m:6s left)
Log-likelihood cutoff on original alignment: -9883.936
NOTE: Bootstrap correlation coefficient of split occurrence frequencies: 0.990
Iteration 510 / LogL: -9779.654 / Time: 1h:12m:21s (0h:12m:47s left)
Iteration 520 / LogL: -9771.274 / Time: 1h:13m:49s (0h:11m:22s left)
Iteration 530 / LogL: -9825.276 / Time: 1h:15m:18s (0h:9m:57s left)
Iteration 540 / LogL: -9817.484 / Time: 1h:16m:41s (0h:8m:32s left)
Iteration 550 / LogL: -9766.251 / Time: 1h:18m:10s (0h:7m:7s left)
Log-likelihood cutoff on original alignment: -9883.936
TREE SEARCH COMPLETED AFTER 558 ITERATIONS / Time: 1h:19m:20s

--------------------------------------------------------------------
|                    FINALIZING TREE SEARCH                        |
--------------------------------------------------------------------
Performs final model parameters optimization
Estimate model parameters (epsilon = 0.010)
1. Initial log-likelihood: -9765.103
Optimal log-likelihood: -9765.103
Proportion of invariable sites: 0.113
Gamma shape alpha: 0.826
Parameters optimization took 1 rounds (0.541 sec)
BEST SCORE FOUND : -9765.103

Testing tree branches by SH-like aLRT with 1000 replicates...
2.581 sec.
Creating bootstrap support values...
Split supports printed to NEXUS file sws_tree_aln.fasta.splits.nex
Total tree length: 9.556

Total number of iterations: 558
CPU time used for tree search: 4692.832 sec (1h:18m:12s)
Wall-clock time used for tree search: 4709.810 sec (1h:18m:29s)
Total CPU time used: 4747.324 sec (1h:19m:7s)
Total wall-clock time used: 4764.839 sec (1h:19m:24s)

Computing bootstrap consensus tree...
Reading input file sws_tree_aln.fasta.splits.nex...
276 taxa and 7568 splits.
Consensus tree written to sws_tree_aln.fasta.contree
Reading input trees file sws_tree_aln.fasta.contree
Log-likelihood of consensus tree: -9766.310

Analysis results written to: 
  IQ-TREE report:                sws_tree_aln.fasta.iqtree
  Maximum-likelihood tree:       sws_tree_aln.fasta.treefile
  Likelihood distances:          sws_tree_aln.fasta.mldist

Ultrafast bootstrap approximation results written to:
  Split support values:          sws_tree_aln.fasta.splits.nex
  Consensus tree:                sws_tree_aln.fasta.contree
  Screen log file:               sws_tree_aln.fasta.log

Date and Time: Wed Sep  6 00:13:15 2023
