IQ-TREE multicore version 1.6.12 for Linux 64-bit built Aug 15 2019
Developed by Bui Quang Minh, Nguyen Lam Tung, Olga Chernomor,
Heiko Schmidt, Dominik Schrempf, Michael Woodhams.

Host:    fermat (AVX2, FMA3, 1009 GB RAM)
Command: ../../iqtree -s nmoc_aln.fasta -st AA -m TESTNEW -bb 1000 -alrt 1000
Seed:    206417 (Using SPRNG - Scalable Parallel Random Number Generator)
Time:    Tue Sep  5 21:59:22 2023
Kernel:  AVX+FMA - 1 threads (128 CPU cores detected)

HINT: Use -nt option to specify number of threads because your CPU has 128 cores!
HINT: -nt AUTO will automatically determine the best number of threads to use.

Reading alignment file nmoc_aln.fasta ... Fasta format detected
Alignment most likely contains protein sequences
Alignment has 314 sequences with 234 columns, 231 distinct patterns
224 parsimony-informative, 1 singleton sites, 9 constant sites
        Gap/Ambiguity  Composition  p-value
   1  Bovine    0.00%    passed     97.44%
   2  S1        0.00%    passed     99.41%
   3  S2        0.00%    passed     99.16%
   4  S3        0.00%    passed     99.91%
   5  S4        0.00%    passed     97.96%
   6  S5        0.00%    passed     98.83%
   7  S6        0.00%    passed     97.58%
   8  S7        0.00%    passed     95.21%
   9  S8        0.00%    passed     99.96%
  10  S9        0.00%    passed     99.93%
  11  S10       0.00%    passed     99.37%
  12  S11       0.00%    passed     99.88%
  13  S12       0.00%    passed     96.84%
  14  S13       0.00%    passed     98.69%
  15  S14       0.00%    passed     96.84%
  16  S15       0.00%    passed     98.54%
  17  S16       0.00%    passed     99.56%
  18  S17       0.00%    passed     98.77%
  19  S18       0.00%    passed     98.92%
  20  S19       0.00%    passed     96.03%
  21  S20       0.00%    passed     99.32%
  22  S21       0.00%    passed     98.34%
  23  S22       0.00%    passed     98.86%
  24  S23       0.00%    passed     99.37%
  25  S24       0.00%    passed     92.69%
  26  S25       0.00%    passed     98.80%
  27  S26       0.00%    passed     99.35%
  28  S27       0.00%    passed     98.09%
  29  S28       0.00%    passed     99.30%
  30  S29       0.00%    passed     97.14%
  31  S30       0.00%    passed     98.34%
  32  S31       0.00%    passed     99.00%
  33  S32       0.00%    passed     98.83%
  34  S33       0.00%    passed     99.46%
  35  S34       0.00%    passed     99.11%
  36  S35       0.00%    passed     99.78%
  37  S36       0.00%    passed     97.89%
  38  S37       0.00%    passed     98.41%
  39  S38       0.00%    passed     98.49%
  40  S39       0.00%    passed     99.30%
  41  S40       0.00%    passed     89.14%
  42  S41       0.00%    passed     96.03%
  43  S42       0.00%    passed     97.20%
  44  S43       0.00%    passed     97.77%
  45  S44       0.00%    passed     97.98%
  46  S45       0.00%    passed     98.40%
  47  S46       0.00%    passed     97.03%
  48  S47       0.00%    passed     98.28%
  49  S48       0.00%    passed     99.45%
  50  S49       0.00%    passed     97.62%
  51  S50       0.00%    passed     98.26%
  52  S51       0.00%    passed     97.66%
  53  S52       0.00%    passed     95.45%
  54  S53       0.00%    passed     97.22%
  55  S54       0.00%    passed     98.44%
  56  S55       0.00%    passed     98.87%
  57  S56       0.00%    passed     98.26%
  58  S57       0.00%    passed     98.69%
  59  S58       0.00%    passed     99.72%
  60  S59       0.00%    passed     97.66%
  61  S60       0.00%    passed     99.87%
  62  S61       0.00%    passed     99.16%
  63  S62       0.00%    passed     94.38%
  64  S63       0.00%    passed     97.24%
  65  S64       0.00%    passed     97.49%
  66  S65       0.00%    passed     99.48%
  67  S66       0.00%    passed     99.14%
  68  S67       0.00%    passed     99.09%
  69  S68       0.00%    passed     99.90%
  70  S69       0.00%    passed     97.70%
  71  S70       0.00%    passed     98.61%
  72  S71       0.00%    passed     94.38%
  73  S72       0.00%    passed     97.44%
  74  S73       0.00%    passed     99.78%
  75  S74       0.00%    passed     99.18%
  76  S75       0.00%    passed     99.86%
  77  S76       0.00%    passed     99.19%
  78  S77       0.00%    passed    100.00%
  79  S78       0.00%    passed     99.50%
  80  S79       0.00%    passed     98.46%
  81  S80       0.00%    passed     99.92%
  82  S81       0.00%    passed     99.14%
  83  S82       0.00%    passed     89.85%
  84  S83       0.00%    passed     99.34%
  85  S84       0.00%    passed     87.45%
  86  S85       0.00%    passed     80.96%
  87  S86       0.00%    passed     65.40%
  88  S87       0.00%    passed     89.56%
  89  S88       0.00%    passed     72.77%
  90  S89       0.00%    passed     99.96%
  91  S90       0.00%    passed     96.89%
  92  S91       0.00%    passed     96.03%
  93  S92       0.00%    passed     98.75%
  94  S93       0.00%    passed     99.92%
  95  S94       0.00%    passed     53.82%
  96  S95       0.00%    passed     98.67%
  97  S96       0.00%    passed     98.57%
  98  S97       0.00%    passed     96.03%
  99  S98       0.00%    passed     85.28%
 100  S99       0.00%    passed     94.76%
 101  S100      0.00%    passed     88.39%
 102  S101      0.00%    passed     89.84%
 103  S102      0.00%    passed     95.91%
 104  S103      0.00%    passed     99.74%
 105  S104      0.00%    passed     99.73%
 106  S105      0.00%    passed     99.32%
 107  S106      0.00%    passed     98.00%
 108  S107      0.00%    passed     95.87%
 109  S108      0.00%    passed     99.09%
 110  S109      0.00%    passed     11.02%
 111  S110      0.00%    passed     19.76%
 112  S111      0.00%    passed     80.96%
 113  S112      0.00%    passed     82.37%
 114  S113      0.00%    passed     98.61%
 115  S114      0.00%    passed     98.51%
 116  S115      0.00%    passed     99.87%
 117  S116      0.00%    passed     96.70%
 118  S117      0.00%    passed     95.79%
 119  S118      0.00%    passed     97.68%
 120  S119      0.00%    passed     98.79%
 121  S120      0.00%    passed     98.63%
 122  S121      0.00%    passed     97.71%
 123  S122      0.00%    passed     95.92%
 124  S123      0.00%    passed     99.78%
 125  S124      0.00%    passed     99.99%
 126  S125      0.00%    passed     99.34%
 127  S126      0.00%    passed    100.00%
 128  S127      0.00%    passed     99.86%
 129  S128      0.00%    passed    100.00%
 130  S129      0.00%    passed    100.00%
 131  S130      0.00%    passed    100.00%
 132  S131      0.00%    passed     65.40%
 133  S132      0.00%    passed     72.77%
 134  S133      0.00%    passed     96.89%
 135  S134      0.00%    passed     98.75%
 136  S135      0.00%    passed     53.82%
 137  S136      0.00%    passed     98.67%
 138  S137      0.00%    passed     98.57%
 139  S138      0.00%    passed     96.03%
 140  S139      0.00%    passed     85.28%
 141  S140      0.00%    passed     97.37%
 142  S141      0.00%    passed     95.84%
 143  S142      0.00%    passed     92.53%
 144  S143      0.00%    passed     88.81%
 145  S144      0.00%    passed     83.29%
 146  S145      0.00%    passed     87.45%
 147  S146      0.00%    passed     86.98%
 148  S147      0.00%    passed     83.26%
 149  S148      0.00%    passed     96.47%
 150  S149      0.00%    passed     91.77%
 151  S150      0.00%    passed     92.35%
 152  S151      0.00%    passed     97.35%
 153  S152      0.00%    passed     98.38%
 154  S153      0.00%    passed     98.05%
 155  S154      0.00%    passed     96.65%
 156  S155      0.00%    passed     96.65%
 157  S156      0.00%    passed     99.18%
 158  S157      0.00%    passed     93.54%
 159  S158      0.00%    passed     95.26%
 160  S159      0.00%    passed     96.59%
 161  S160      0.00%    passed     87.88%
 162  S161      0.00%    passed     93.88%
 163  S162      0.00%    passed     79.42%
 164  S163      0.00%    passed     60.71%
 165  S164      0.00%    passed     99.92%
 166  S165      0.00%    passed     54.01%
 167  S166      0.00%    passed     97.65%
 168  S167      0.00%    passed      7.30%
 169  S168      0.00%    passed     48.47%
 170  S169      0.00%    failed      2.30%
 171  S170      0.00%    passed     83.25%
 172  S171      0.00%    passed     75.16%
 173  S172      0.00%    passed     75.66%
 174  S173      0.00%    passed     82.15%
 175  S174      0.00%    passed     84.29%
 176  S175      0.00%    passed     99.95%
 177  S176      0.00%    passed     83.69%
 178  S177      0.00%    passed     84.86%
 179  S178      0.00%    passed     83.94%
 180  S179      0.00%    passed     99.27%
 181  S180      0.00%    passed     98.02%
 182  S181      0.00%    passed     89.04%
 183  S182      0.00%    passed     99.67%
 184  S183      0.00%    passed     99.65%
 185  S184      0.00%    passed     88.39%
 186  S185      0.00%    passed     65.40%
 187  S186      0.00%    passed     98.75%
 188  S187      0.00%    passed     53.82%
 189  S188      0.00%    passed     98.67%
 190  S189      0.00%    passed     96.89%
 191  S190      0.00%    passed     78.07%
 192  S191      0.00%    passed     99.58%
 193  S192      0.00%    passed     93.66%
 194  S193      0.00%    passed     99.46%
 195  S194      0.00%    passed     98.57%
 196  S195      0.00%    failed      0.33%
 197  S196      0.00%    failed      3.59%
 198  S197      0.00%    passed     67.79%
 199  S198      0.00%    passed     50.53%
 200  S199      0.00%    passed     89.04%
 201  S200      0.00%    passed     98.88%
 202  S201      0.00%    passed    100.00%
 203  S202      0.00%    passed     98.99%
 204  S203      0.00%    passed     93.59%
 205  S204      0.00%    passed     99.44%
 206  S205      0.00%    passed     96.44%
 207  S206      0.00%    passed     90.24%
 208  S207      0.00%    passed     93.79%
 209  S208      0.00%    passed     13.00%
 210  S209      0.00%    passed      9.55%
 211  S210      0.00%    passed     94.76%
 212  S211      0.43%    passed     71.31%
 213  S212      0.00%    passed     69.71%
 214  S213      0.00%    passed     81.25%
 215  S214      0.00%    passed     99.19%
 216  S215      0.00%    passed     97.24%
 217  S216      0.00%    passed     93.19%
 218  S217      0.00%    passed     98.25%
 219  S218      0.00%    passed     97.04%
 220  S219      0.00%    passed     93.44%
 221  S220      0.00%    passed     87.26%
 222  S221      0.00%    passed     97.02%
 223  S222      0.00%    passed     99.47%
 224  S223      0.00%    passed     92.82%
 225  S224      0.00%    passed     97.74%
 226  S225      0.00%    passed     99.47%
 227  S226      0.00%    passed     98.34%
 228  S227      0.00%    passed     97.44%
 229  S228      0.00%    passed     98.79%
 230  S229      0.00%    passed     97.37%
 231  S230      0.00%    passed     96.94%
 232  S231      0.00%    passed     99.50%
 233  S232      0.00%    passed     98.46%
 234  S233      0.00%    passed     99.92%
 235  S234      0.00%    passed     99.14%
 236  S235      0.00%    passed     97.88%
 237  S236      0.00%    passed     98.66%
 238  S237      0.00%    passed     96.50%
 239  S238      0.00%    passed     92.79%
 240  S239      0.00%    passed     99.50%
 241  S240      0.00%    passed     99.99%
 242  S241      0.00%    passed     99.34%
 243  S242      0.00%    passed     82.37%
 244  S243      0.00%    passed     97.37%
 245  S244      0.00%    passed     96.76%
 246  S245      0.00%    passed    100.00%
 247  S246      0.00%    passed     99.32%
 248  S247      0.00%    passed     99.82%
 249  S248      0.00%    passed     99.99%
 250  S249      0.00%    passed     99.69%
 251  S250      0.00%    passed     99.33%
 252  S251      0.00%    passed     99.66%
 253  S252      0.00%    passed     99.93%
 254  S253      0.00%    passed     94.46%
 255  S254      0.00%    passed     92.25%
 256  S255      0.00%    passed     97.36%
 257  S256      0.00%    passed     93.66%
 258  S257      0.00%    passed     99.98%
 259  S258      0.00%    passed    100.00%
 260  S259      0.00%    passed    100.00%
 261  S260      0.00%    passed     99.39%
 262  S261      0.00%    passed     99.86%
 263  S262      0.00%    passed     99.17%
 264  S263      0.00%    passed     92.10%
 265  S264      0.00%    passed     92.71%
 266  S265      0.00%    passed     95.86%
 267  S266      0.00%    passed     96.15%
 268  S267      0.00%    passed     95.56%
 269  S268      0.00%    passed     94.08%
 270  S269      0.00%    passed     96.62%
 271  S270      0.00%    passed     97.23%
 272  S271      0.00%    passed     90.37%
 273  S272      0.00%    passed     63.69%
 274  S273      0.00%    passed     44.92%
 275  S274      0.00%    passed     82.23%
 276  S275      0.00%    passed     58.70%
 277  S276      0.00%    passed     35.55%
 278  S277      0.00%    passed     36.80%
 279  S278      0.00%    passed     50.95%
 280  S279      0.00%    passed     15.22%
 281  S280      0.00%    passed     68.08%
 282  S281      0.00%    passed     81.46%
 283  S282      0.00%    passed     84.31%
 284  S283      0.00%    passed     89.89%
 285  S284      0.00%    passed     93.76%
 286  S285      0.00%    passed     95.81%
 287  S286      0.00%    passed     96.71%
 288  S287      0.00%    passed     93.26%
 289  S288      0.00%    passed     80.18%
 290  S289      0.00%    passed     92.03%
 291  S290      0.00%    passed     91.71%
 292  S291      0.00%    passed     89.55%
 293  S292      0.00%    passed     90.15%
 294  S293      0.00%    passed     97.46%
 295  S294      0.00%    passed     12.60%
 296  S295      0.00%    passed     21.05%
 297  S296      0.00%    passed     39.88%
 298  S297      0.00%    failed      4.86%
 299  S298      0.00%    passed     36.69%
 300  S299      0.00%    passed     54.79%
 301  S300      0.00%    passed     50.65%
 302  S301      0.00%    passed     47.97%
 303  S302      0.00%    failed      0.75%
 304  S303      0.00%    passed     99.53%
 305  S304      0.00%    passed     92.72%
 306  S305      0.00%    passed     99.68%
 307  S306      0.00%    passed     99.54%
 308  S307      0.00%    passed     99.75%
 309  S308      0.00%    passed     99.75%
 310  S309      0.00%    passed     87.61%
 311  S310      0.00%    passed     86.97%
 312  S311      0.00%    passed     93.29%
 313  S312      0.00%    passed     96.83%
 314  S313      0.00%    passed     95.58%
****  TOTAL     0.00%  5 sequences failed composition chi2 test (p-value<5%; df=19)
NOTE: S72 is identical to Bovine but kept for subsequent analysis
NOTE: S14 is identical to S12 but kept for subsequent analysis
NOTE: S41 is identical to S19 but kept for subsequent analysis
NOTE: S30 is identical to S21 but kept for subsequent analysis
NOTE: S115 is identical to S60 but kept for subsequent analysis
NOTE: S71 is identical to S62 but kept for subsequent analysis
NOTE: S113 is identical to S70 but kept for subsequent analysis
NOTE: S123 is identical to S73 but kept for subsequent analysis
NOTE: S156 is identical to S74 but kept for subsequent analysis
NOTE: S127 is identical to S75 but kept for subsequent analysis
NOTE: S214 is identical to S76 but kept for subsequent analysis
NOTE: S126 is identical to S77 but kept for subsequent analysis
NOTE: S231 is identical to S78 but kept for subsequent analysis
NOTE: S232 is identical to S79 but kept for subsequent analysis
NOTE: S233 is identical to S80 but kept for subsequent analysis
NOTE: S234 is identical to S81 but kept for subsequent analysis
NOTE: S145 is identical to S84 but kept for subsequent analysis
NOTE: S111 is identical to S85 but kept for subsequent analysis
NOTE: S131 is identical to S86 but kept for subsequent analysis
NOTE: S132 is identical to S88 but kept for subsequent analysis
NOTE: S133 is identical to S90 but kept for subsequent analysis
NOTE: S134 is identical to S92 but kept for subsequent analysis
NOTE: S164 is identical to S93 but kept for subsequent analysis
NOTE: S135 is identical to S94 but kept for subsequent analysis
NOTE: S136 is identical to S95 but kept for subsequent analysis
NOTE: S137 is identical to S96 but kept for subsequent analysis
NOTE: S138 is identical to S97 but kept for subsequent analysis
NOTE: S139 is identical to S98 but kept for subsequent analysis
NOTE: S210 is identical to S99 but kept for subsequent analysis
NOTE: S184 is identical to S100 but kept for subsequent analysis
NOTE: S242 is identical to S112 but kept for subsequent analysis
NOTE: S240 is identical to S124 but kept for subsequent analysis
NOTE: S241 is identical to S125 but kept for subsequent analysis
NOTE: S245 is identical to S130 but kept for subsequent analysis
NOTE: S229 is identical to S140 but kept for subsequent analysis
NOTE: S225 is identical to S222 but kept for subsequent analysis
NOTE: S259 is identical to S258 but kept for subsequent analysis
NOTE: 7 identical sequences (see below) will be ignored for subsequent analysis
NOTE: S185 (identical to S86) is ignored but added at the end
NOTE: S189 (identical to S90) is ignored but added at the end
NOTE: S186 (identical to S92) is ignored but added at the end
NOTE: S187 (identical to S94) is ignored but added at the end
NOTE: S188 (identical to S95) is ignored but added at the end
NOTE: S194 (identical to S96) is ignored but added at the end
NOTE: S243 (identical to S140) is ignored but added at the end

For your convenience alignment with unique sequences printed to nmoc_aln.fasta.uniqueseq.phy


Create initial parsimony tree by phylogenetic likelihood library (PLL)... 0.109 seconds
NOTE: ModelFinder requires 120 MB RAM!
ModelFinder will test 546 protein models (sample size: 234) ...
 No. Model         -LnL         df  AIC          AICc         BIC
  1  Dayhoff       26367.154    611 53956.309    801820.309   56067.510
  2  Dayhoff+I     26249.894    612 53723.788    804035.788   55838.445
  3  Dayhoff+G4    24893.674    612 51011.348    801323.348   53126.004
  4  Dayhoff+I+G4  24884.781    613 50995.562    803759.562   53113.674
  5  Dayhoff+R2    25178.838    613 51583.677    804347.677   53701.789
  6  Dayhoff+R3    24959.521    615 51149.042    808829.042   53274.065
  7  Dayhoff+R4    24883.400    617 51000.800    813612.800   53132.733
  8  Dayhoff+R5    24851.309    619 50940.618    818500.618   53079.462
  9  Dayhoff+R6    24844.086    621 50930.173    823454.173   53075.927
 10  Dayhoff+R7    24837.866    623 50921.732    828425.732   53074.397
 11  Dayhoff+R8    24833.306    625 50916.612    833416.612   53076.187
 14  Dayhoff+F     25553.981    630 52367.963    847427.963   54544.815
 15  Dayhoff+F+I   25440.031    631 52142.062    849726.062   54322.369
 16  Dayhoff+F+G4  24259.662    631 49781.323    847365.323   51961.631
 17  Dayhoff+F+I+G4 24248.780    632 49761.561    849873.561   51945.324
 18  Dayhoff+F+R2  24479.077    632 50222.154    850334.154   52405.917
 19  Dayhoff+F+R3  24294.124    634 49856.248    855036.248   52046.921
 20  Dayhoff+F+R4  24230.901    636 49733.802    859997.802   51931.386
 21  Dayhoff+F+R5  24207.679    638 49691.357    865055.357   51895.852
 22  Dayhoff+F+R6  24199.600    640 49679.201    870159.201   51890.606
 23  Dayhoff+F+R7  24196.748    642 49677.496    875289.496   51895.812
 27  mtMAM         27135.245    611 55492.490    803356.490   57603.691
 28  mtMAM+I       27030.779    612 55285.559    805597.559   57400.215
 29  mtMAM+G4      25522.258    612 52268.517    802580.517   54383.173
 30  mtMAM+I+G4    25516.637    613 52259.273    805023.273   54377.385
 31  mtMAM+R2      25838.695    613 52903.390    805667.390   55021.501
 32  mtMAM+R3      25603.618    615 52437.236    810117.236   54562.258
 33  mtMAM+R4      25524.363    617 52282.726    814894.726   54414.660
 34  mtMAM+R5      25507.362    619 52252.725    819812.725   54391.568
 35  mtMAM+R6      25488.135    621 52218.269    824742.269   54364.024
 36  mtMAM+R7      25484.713    623 52215.426    829719.426   54368.091
 40  mtMAM+F       26721.553    630 54703.106    849763.106   56879.958
 41  mtMAM+F+I     26612.539    631 54487.078    852071.078   56667.386
 42  mtMAM+F+G4    25137.234    631 51536.467    849120.467   53716.775
 43  mtMAM+F+I+G4  25130.982    632 51525.964    851637.964   53709.727
 44  mtMAM+F+R2    25442.223    632 52148.445    852260.445   54332.208
 45  mtMAM+F+R3    25205.706    634 51679.412    856859.412   53870.085
 46  mtMAM+F+R4    25141.972    636 51555.944    861819.944   53753.528
 47  mtMAM+F+R5    25112.681    638 51501.363    866865.363   53705.858
 48  mtMAM+F+R6    25098.489    640 51476.978    871956.978   53688.384
 49  mtMAM+F+R7    25096.305    642 51476.609    877088.609   53694.925
 53  JTT           25800.718    611 52823.436    800687.436   54934.637
 54  JTT+I         25685.098    612 52594.196    802906.196   54708.852
 55  JTT+G4        24437.805    612 50099.610    800411.610   52214.267
 56  JTT+I+G4      24426.698    613 50079.397    802843.397   52197.509
 57  JTT+R2        24682.888    613 50591.776    803355.776   52709.888
 58  JTT+R3        24480.739    615 50191.478    807871.478   52316.501
 59  JTT+R4        24414.273    617 50062.547    812674.547   52194.480
 60  JTT+R5        24402.327    619 50042.655    817602.655   52181.499
 61  JTT+R6        24383.813    621 50009.626    822533.626   52155.380
 62  JTT+R7        24381.734    623 50009.468    827513.468   52162.133
 66  JTT+F         25272.815    630 51805.629    846865.629   53982.481
 67  JTT+F+I       25165.507    631 51593.015    849177.015   53773.322
 68  JTT+F+G4      24016.803    631 49295.605    846879.605   51475.913
 69  JTT+F+I+G4    24008.992    632 49281.984    849393.984   51465.747
 70  JTT+F+R2      24213.253    632 49690.506    849802.506   51874.269
 71  JTT+F+R3      24045.846    634 49359.691    854539.691   51550.365
 72  JTT+F+R4      23991.368    636 49254.736    859518.736   51452.321
 73  JTT+F+R5      23968.083    638 49212.166    864576.166   51416.661
 74  JTT+F+R6      23962.521    640 49205.043    869685.043   51416.448
 75  JTT+F+R7      23961.450    642 49206.900    874818.900   51425.216
 79  WAG           25770.040    611 52762.081    800626.081   54873.282
 80  WAG+I         25649.440    612 52522.880    802834.880   54637.536
 81  WAG+G4        24425.815    612 50075.630    800387.630   52190.286
 82  WAG+I+G4      24412.626    613 50051.253    802815.253   52169.364
 83  WAG+R2        24672.436    613 50570.872    803334.872   52688.984
 84  WAG+R3        24464.332    615 50158.663    807838.663   52283.686
 85  WAG+R4        24399.656    617 50033.312    812645.312   52165.245
 86  WAG+R5        24376.755    619 49991.511    817551.511   52130.355
 87  WAG+R6        24370.447    621 49982.894    822506.894   52128.648
 88  WAG+R7        24367.416    623 49980.832    827484.832   52133.497
 92  WAG+F         25178.394    630 51616.787    846676.787   53793.640
 93  WAG+F+I       25062.583    631 51387.166    848971.166   53567.474
 94  WAG+F+G4      23945.408    631 49152.816    846736.816   51333.124
 95  WAG+F+I+G4    23936.127    632 49136.254    849248.254   51320.017
 96  WAG+F+R2      24143.961    632 49551.922    849663.922   51735.685
 97  WAG+F+R3      23982.892    634 49233.783    854413.783   51424.457
 98  WAG+F+R4      23921.750    636 49115.500    859379.500   51313.084
 99  WAG+F+R5      23895.469    638 49066.937    864430.937   51271.432
100  WAG+F+R6      23890.656    640 49061.313    869541.313   51272.718
105  cpREV         25790.570    611 52803.139    800667.139   54914.340
106  cpREV+I       25651.676    612 52527.352    802839.352   54642.009
107  cpREV+G4      24344.053    612 49912.106    800224.106   52026.762
108  cpREV+I+G4    24331.202    613 49888.403    802652.403   52006.515
109  cpREV+R2      24627.093    613 50480.187    803244.187   52598.299
110  cpREV+R3      24395.334    615 50020.667    807700.667   52145.690
111  cpREV+R4      24329.799    617 49893.599    812505.599   52025.532
112  cpREV+R5      24316.764    619 49871.528    817431.528   52010.372
113  cpREV+R6      24304.392    621 49850.785    822374.785   51996.539
114  cpREV+R7      24294.877    623 49835.753    827339.753   51988.418
115  cpREV+R8      24286.540    625 49823.079    832323.079   51982.655
116  cpREV+R9      24286.416    627 49826.831    837338.831   51993.318
118  cpREV+F       25268.490    630 51796.980    846856.980   53973.833
119  cpREV+F+I     25141.415    631 51544.831    849128.831   53725.139
120  cpREV+F+G4    23962.452    631 49186.904    846770.904   51367.211
121  cpREV+F+I+G4  23953.366    632 49170.733    849282.733   51354.496
122  cpREV+F+R2    24189.279    632 49642.559    849754.559   51826.322
123  cpREV+F+R3    24010.769    634 49289.538    854469.538   51480.212
124  cpREV+F+R4    23947.810    636 49167.619    859431.619   51365.203
125  cpREV+F+R5    23929.522    638 49135.045    864499.045   51339.539
126  cpREV+F+R6    23918.774    640 49117.548    869597.548   51328.953
127  cpREV+F+R7    23914.136    642 49112.271    874724.271   51330.587
131  mtREV         26341.777    611 53905.554    801769.554   56016.755
132  mtREV+I       26239.470    612 53702.940    804014.940   55817.596
133  mtREV+G4      24981.972    612 51187.943    801499.943   53302.600
134  mtREV+I+G4    24976.188    613 51178.376    803942.376   53296.488
135  mtREV+R2      25198.189    613 51622.377    804386.377   53740.489
136  mtREV+R3      25014.114    615 51258.228    808938.228   53383.251
137  mtREV+R4      24959.276    617 51152.552    813764.552   53284.485
138  mtREV+R5      24935.970    619 51109.940    818669.940   53248.784
139  mtREV+R6      24928.867    621 51099.734    823623.734   53245.489
140  mtREV+R7      24926.654    623 51099.308    828603.308   53251.973
144  mtREV+F       25744.009    630 52748.018    847808.018   54924.870
145  mtREV+F+I     25640.768    631 52543.536    850127.536   54723.843
146  mtREV+F+G4    24407.542    631 50077.083    847661.083   52257.391
147  mtREV+F+I+G4  24402.194    632 50068.388    850180.388   52252.151
148  mtREV+F+R2    24620.072    632 50504.143    850616.143   52687.906
149  mtREV+F+R3    24437.769    634 50143.537    855323.537   52334.211
150  mtREV+F+R4    24384.006    636 50040.012    860304.012   52237.596
151  mtREV+F+R5    24361.037    638 49998.075    865362.075   52202.569
152  mtREV+F+R6    24355.116    640 49990.233    870470.233   52201.638
153  mtREV+F+R7    24354.952    642 49993.904    875605.904   52212.220
157  rtREV         25923.419    611 53068.839    800932.839   55180.040
158  rtREV+I       25814.119    612 52852.239    803164.239   54966.895
159  rtREV+G4      24609.970    612 50443.940    800755.940   52558.597
160  rtREV+I+G4    24599.315    613 50424.629    803188.629   52542.741
161  rtREV+R2      24833.451    613 50892.901    803656.901   53011.013
162  rtREV+R3      24651.340    615 50532.681    808212.681   52657.703
163  rtREV+R4      24584.007    617 50402.013    813014.013   52533.947
164  rtREV+R5      24566.325    619 50370.649    817930.649   52509.493
165  rtREV+R6      24556.559    621 50355.117    822879.117   52500.871
166  rtREV+R7      24555.721    623 50357.443    827861.443   52510.108
170  rtREV+F       25408.256    630 52076.513    847136.513   54253.365
171  rtREV+F+I     25280.491    631 51822.982    849406.982   54003.289
172  rtREV+F+G4    24094.182    631 49450.363    847034.363   51630.671
173  rtREV+F+I+G4  24081.386    632 49426.772    849538.772   51610.535
174  rtREV+F+R2    24301.333    632 49866.666    849978.666   52050.429
175  rtREV+F+R3    24141.024    634 49550.049    854730.049   51740.722
176  rtREV+F+R4    24077.392    636 49426.784    859690.784   51624.368
177  rtREV+F+R5    24052.786    638 49381.572    864745.572   51586.067
178  rtREV+F+R6    24044.662    640 49369.325    869849.325   51580.730
179  rtREV+F+R7    24043.779    642 49371.559    874983.559   51589.875
183  mtART         25835.566    611 52893.132    800757.132   55004.333
184  mtART+I       25730.829    612 52685.659    802997.659   54800.315
185  mtART+G4      24380.349    612 49984.697    800296.697   52099.354
186  mtART+I+G4    24373.516    613 49973.031    802737.031   52091.143
187  mtART+R2      24641.689    613 50509.379    803273.379   52627.491
188  mtART+R3      24445.572    615 50121.145    807801.145   52246.167
189  mtART+R4      24375.755    617 49985.510    812597.510   52117.443
190  mtART+R5      24354.625    619 49947.249    817507.249   52086.093
191  mtART+R6      24340.242    621 49922.484    822446.484   52068.239
192  mtART+R7      24338.024    623 49922.048    827426.048   52074.713
196  mtART+F       25650.054    630 52560.108    847620.108   54736.960
197  mtART+F+I     25550.378    631 52362.756    849946.756   54543.064
198  mtART+F+G4    24228.023    631 49718.046    847302.046   51898.354
199  mtART+F+I+G4  24221.705    632 49707.409    849819.409   51891.172
200  mtART+F+R2    24475.972    632 50215.945    850327.945   52399.707
201  mtART+F+R3    24285.744    634 49839.488    855019.488   52030.161
202  mtART+F+R4    24222.122    636 49716.244    859980.244   51913.828
203  mtART+F+R5    24199.019    638 49674.038    865038.038   51878.533
204  mtART+F+R6    24186.223    640 49652.445    870132.445   51863.851
205  mtART+F+R7    24184.346    642 49652.692    875264.692   51871.008
209  mtZOA         25281.301    611 51784.602    799648.602   53895.803
210  mtZOA+I       25192.839    612 51609.679    801921.679   53724.335
211  mtZOA+G4      23931.247    612 49086.495    799398.495   51201.151
212  mtZOA+I+G4    23924.902    613 49075.804    801839.804   51193.916
213  mtZOA+R2      24172.766    613 49571.531    802335.531   51689.643
214  mtZOA+R3      23978.060    615 49186.119    806866.119   51311.142
215  mtZOA+R4      23921.973    617 49077.947    811689.947   51209.880
216  mtZOA+R5      23899.254    619 49036.509    816596.509   51175.353
217  mtZOA+R6      23889.357    621 49020.713    821544.713   51166.467
218  mtZOA+R7      23887.970    623 49021.940    826525.940   51174.605
222  mtZOA+F       25239.695    630 51739.390    846799.390   53916.243
223  mtZOA+F+I     25153.161    631 51568.322    849152.322   53748.630
224  mtZOA+F+G4    23908.543    631 49079.085    846663.085   51259.393
225  mtZOA+F+I+G4  23902.276    632 49068.551    849180.551   51252.314
226  mtZOA+F+R2    24137.975    632 49539.950    849651.950   51723.713
227  mtZOA+F+R3    23949.382    634 49166.764    854346.764   51357.437
228  mtZOA+F+R4    23898.098    636 49068.196    859332.196   51265.780
229  mtZOA+F+R5    23872.798    638 49021.597    864385.597   51226.092
230  mtZOA+F+R6    23863.459    640 49006.917    869486.917   51218.323
231  mtZOA+F+R7    23862.290    642 49008.580    874620.580   51226.896
235  VT            25736.561    611 52695.122    800559.122   54806.324
236  VT+I          25618.377    612 52460.754    802772.754   54575.410
237  VT+G4         24458.438    612 50140.877    800452.877   52255.533
238  VT+I+G4       24442.230    613 50110.459    802874.459   52228.571
239  VT+R2         24679.175    613 50584.350    803348.350   52702.462
240  VT+R3         24488.176    615 50206.352    807886.352   52331.375
241  VT+R4         24426.712    617 50087.423    812699.423   52219.357
242  VT+R5         24410.605    619 50059.209    817619.209   52198.053
243  VT+R6         24402.893    621 50047.786    822571.786   52193.540
244  VT+R7         24402.284    623 50050.567    827554.567   52203.232
248  VT+F          25191.316    630 51642.632    846702.632   53819.484
249  VT+F+I        25078.621    631 51419.243    849003.243   53599.550
250  VT+F+G4       23992.061    631 49246.121    846830.121   51426.429
251  VT+F+I+G4     23983.866    632 49231.733    849343.733   51415.496
252  VT+F+R2       24180.026    632 49624.053    849736.053   51807.816
253  VT+F+R3       24029.049    634 49326.098    854506.098   51516.772
254  VT+F+R4       23970.474    636 49212.948    859476.948   51410.532
255  VT+F+R5       23948.224    638 49172.448    864536.448   51376.943
256  VT+F+R6       23944.013    640 49168.026    869648.026   51379.431
261  LG            25396.398    611 52014.795    799878.795   54125.996
262  LG+I          25288.297    612 51800.594    802112.594   53915.250
263  LG+G4         24085.944    612 49395.888    799707.888   51510.545
264  LG+I+G4       24075.068    613 49376.135    802140.135   51494.247
265  LG+R2         24309.031    613 49844.061    802608.061   51962.173
266  LG+R3         24125.475    615 49480.950    807160.950   51605.973
267  LG+R4         24060.894    617 49355.789    811967.789   51487.722
268  LG+R5         24041.483    619 49320.966    816880.966   51459.810
269  LG+R6         24032.794    621 49307.587    821831.587   51453.342
270  LG+R7         24031.704    623 49309.407    826813.407   51462.072
274  LG+F          25025.005    630 51310.010    846370.010   53486.863
275  LG+F+I        24916.771    631 51095.542    848679.542   53275.849
276  LG+F+G4       23768.479    631 48798.958    846382.958   50979.266
277  LG+F+I+G4     23759.521    632 48783.042    848895.042   50966.805
278  LG+F+R2       23960.133    632 49184.266    849296.266   51368.029
279  LG+F+R3       23810.672    634 48889.343    854069.343   51080.017
280  LG+F+R4       23746.760    636 48765.520    859029.520   50963.104
281  LG+F+R5       23722.816    638 48721.632    864085.632   50926.127
282  LG+F+R6       23717.733    640 48715.465    869195.465   50926.871
287  DCMut         26364.917    611 53951.834    801815.834   56063.035
288  DCMut+I       26247.576    612 53719.152    804031.152   55833.809
289  DCMut+G4      24894.666    612 51013.331    801325.331   53127.988
290  DCMut+I+G4    24885.712    613 50997.425    803761.425   53115.536
291  DCMut+R2      25180.134    613 51586.269    804350.269   53704.381
292  DCMut+R3      24962.086    615 51154.171    808834.171   53279.194
293  DCMut+R4      24887.095    617 51008.189    813620.189   53140.123
294  DCMut+R5      24862.083    619 50962.165    818522.165   53101.009
295  DCMut+R6      24849.961    621 50941.921    823465.921   53087.676
296  DCMut+R7      24847.015    623 50940.030    828444.030   53092.695
300  DCMut+F       25552.860    630 52365.720    847425.720   54542.572
301  DCMut+F+I     25438.737    631 52139.473    849723.473   54319.781
302  DCMut+F+G4    24260.586    631 49783.172    847367.172   51963.480
303  DCMut+F+I+G4  24249.579    632 49763.159    849875.159   51946.922
304  DCMut+F+R2    24479.471    632 50222.942    850334.942   52406.705
305  DCMut+F+R3    24296.065    634 49860.131    855040.131   52050.804
306  DCMut+F+R4    24234.852    636 49741.704    860005.704   51939.288
307  DCMut+F+R5    24212.893    638 49701.785    865065.785   51906.280
308  DCMut+F+R6    24205.010    640 49690.020    870170.020   51901.426
309  DCMut+F+R7    24202.897    642 49689.794    875301.794   51908.111
313  PMB           25651.481    611 52524.962    800388.962   54636.163
314  PMB+I         25537.142    612 52298.283    802610.283   54412.940
315  PMB+G4        24456.547    612 50137.094    800449.094   52251.750
316  PMB+I+G4      24446.270    613 50118.541    802882.541   52236.652
317  PMB+R2        24662.118    613 50550.237    803314.237   52668.349
318  PMB+R3        24484.797    615 50199.594    807879.594   52324.617
319  PMB+R4        24426.505    617 50087.009    812699.009   52218.942
320  PMB+R5        24408.704    619 50055.409    817615.409   52194.252
321  PMB+R6        24403.517    621 50049.033    822573.033   52194.788
326  PMB+F         25319.517    630 51899.034    846959.034   54075.887
327  PMB+F+I       25208.976    631 51679.952    849263.952   53860.260
328  PMB+F+G4      24154.078    631 49570.157    847154.157   51750.464
329  PMB+F+I+G4    24145.666    632 49555.333    849667.333   51739.096
330  PMB+F+R2      24342.613    632 49949.226    850061.226   52132.989
331  PMB+F+R3      24197.895    634 49663.790    854843.790   51854.463
332  PMB+F+R4      24133.725    636 49539.449    859803.449   51737.034
333  PMB+F+R5      24109.672    638 49495.344    864859.344   51699.839
334  PMB+F+R6      24104.033    640 49488.066    869968.066   51699.472
335  PMB+F+R7      24103.132    642 49490.263    875102.263   51708.580
339  HIVb          26815.138    611 54852.276    802716.276   56963.478
340  HIVb+I        26681.854    612 54587.709    804899.709   56702.365
341  HIVb+G4       25298.927    612 51821.853    802133.853   53936.510
342  HIVb+I+G4     25283.921    613 51793.842    804557.842   53911.954
343  HIVb+R2       25577.718    613 52381.436    805145.436   54499.548
344  HIVb+R3       25360.153    615 51950.306    809630.306   54075.329
345  HIVb+R4       25278.758    617 51791.517    814403.517   53923.450
346  HIVb+R5       25255.203    619 51748.407    819308.407   53887.251
347  HIVb+R6       25242.931    621 51727.861    824251.861   53873.615
348  HIVb+R7       25241.065    623 51728.130    829232.130   53880.795
352  HIVb+F        26293.491    630 53846.981    848906.981   56023.833
353  HIVb+F+I      26160.834    631 53583.667    851167.667   55763.975
354  HIVb+F+G4     24860.580    631 50983.161    848567.161   53163.469
355  HIVb+F+I+G4   24850.584    632 50965.168    851077.168   53148.931
356  HIVb+F+R2     25098.757    632 51461.514    851573.514   53645.277
357  HIVb+F+R3     24910.965    634 51089.930    856269.930   53280.604
358  HIVb+F+R4     24850.371    636 50972.741    861236.741   53170.325
359  HIVb+F+R5     24821.970    638 50919.940    866283.940   53124.435
360  HIVb+F+R6     24810.191    640 50900.383    871380.383   53111.788
361  HIVb+F+R7     24808.005    642 50900.009    876512.009   53118.325
365  HIVw          28242.267    611 57706.533    805570.533   59817.735
366  HIVw+I        28110.339    612 57444.678    807756.678   59559.335
367  HIVw+G4       26463.468    612 54150.937    804462.937   56265.593
368  HIVw+I+G4     26450.032    613 54126.063    806890.063   56244.175
369  HIVw+R2       26826.798    613 54879.597    807643.597   56997.708
370  HIVw+R3       26563.129    615 54356.258    812036.258   56481.281
371  HIVw+R4       26454.249    617 54142.498    816754.498   56274.431
372  HIVw+R5       26431.176    619 54100.352    821660.352   56239.195
373  HIVw+R6       26411.711    621 54065.421    826589.421   56211.176
374  HIVw+R7       26407.849    623 54061.699    831565.699   56214.364
378  HIVw+F        27119.904    630 55499.807    850559.807   57676.659
379  HIVw+F+I      27017.034    631 55296.069    852880.069   57476.377
380  HIVw+F+G4     25575.676    631 52413.352    849997.352   54593.660
381  HIVw+F+I+G4   25565.228    632 52394.455    852506.455   54578.218
382  HIVw+F+R2     25861.599    632 52987.197    853099.197   55170.960
383  HIVw+F+R3     25615.806    634 52499.611    857679.611   54690.285
384  HIVw+F+R4     25546.782    636 52365.564    862629.564   54563.148
385  HIVw+F+R5     25522.278    638 52320.556    867684.556   54525.051
386  HIVw+F+R6     25512.071    640 52304.142    872784.142   54515.547
387  HIVw+F+R7     25510.688    642 52305.375    877917.375   54523.691
391  JTTDCMut      25803.158    611 52828.317    800692.317   54939.518
392  JTTDCMut+I    25687.325    612 52598.649    802910.649   54713.306
393  JTTDCMut+G4   24441.405    612 50106.809    800418.809   52221.466
394  JTTDCMut+I+G4 24430.430    613 50086.860    802850.860   52204.972
395  JTTDCMut+R2   24687.626    613 50601.252    803365.252   52719.364
396  JTTDCMut+R3   24487.790    615 50205.579    807885.579   52330.602
397  JTTDCMut+R4   24419.242    617 50072.483    812684.483   52204.417
398  JTTDCMut+R5   24401.044    619 50040.087    817600.087   52178.931
399  JTTDCMut+R6   24393.274    621 50028.547    822552.547   52174.302
400  JTTDCMut+R7   24392.228    623 50030.456    827534.456   52183.121
404  JTTDCMut+F    25267.006    630 51794.013    846854.013   53970.865
405  JTTDCMut+F+I  25159.009    631 51580.018    849164.018   53760.326
406  JTTDCMut+F+G4 24011.833    631 49285.665    846869.665   51465.973
407  JTTDCMut+F+I+G4 24003.853    632 49271.707    849383.707   51455.470
408  JTTDCMut+F+R2 24208.333    632 49680.665    849792.665   51864.428
409  JTTDCMut+F+R3 24043.453    634 49354.906    854534.906   51545.579
410  JTTDCMut+F+R4 23987.662    636 49247.323    859511.323   51444.907
411  JTTDCMut+F+R5 23965.912    638 49207.825    864571.825   51412.320
412  JTTDCMut+F+R6 23960.814    640 49201.628    869681.628   51413.034
417  FLU           26625.097    611 54472.193    802336.193   56583.394
418  FLU+I         26524.103    612 54272.206    804584.206   56386.863
419  FLU+G4        25166.412    612 51556.824    801868.824   53671.481
420  FLU+I+G4      25157.260    613 51540.520    804304.520   53658.632
421  FLU+R2        25454.066    613 52134.133    804898.133   54252.244
422  FLU+R3        25204.392    615 51638.784    809318.784   53763.807
423  FLU+R4        25134.658    617 51503.316    814115.316   53635.249
424  FLU+R5        25115.154    619 51468.307    819028.307   53607.151
425  FLU+R6        25108.613    621 51459.225    823983.225   53604.980
426  FLU+R7        25106.378    623 51458.756    828962.756   53611.421
430  FLU+F         26031.772    630 53323.544    848383.544   55500.397
431  FLU+F+I       25946.918    631 53155.836    850739.836   55336.143
432  FLU+F+G4      24664.920    631 50591.840    848175.840   52772.148
433  FLU+F+I+G4    24659.883    632 50583.766    850695.766   52767.529
434  FLU+F+R2      24916.062    632 51096.123    851208.123   53279.886
435  FLU+F+R3      24714.870    634 50697.739    855877.739   52888.413
436  FLU+F+R4      24645.727    636 50563.454    860827.454   52761.038
437  FLU+F+R5      24623.631    638 50523.261    865887.261   52727.756
438  FLU+F+R6      24617.244    640 50514.488    870994.488   52725.894
439  FLU+F+R7      24615.439    642 50514.878    876126.878   52733.194
443  Blosum62      25683.486    611 52588.972    800452.972   54700.173
444  Blosum62+I    25565.888    612 52355.776    802667.776   54470.432
445  Blosum62+G4   24450.412    612 50124.824    800436.824   52239.480
446  Blosum62+I+G4 24439.836    613 50105.671    802869.671   52223.783
447  Blosum62+R2   24659.151    613 50544.303    803308.303   52662.415
448  Blosum62+R3   24477.763    615 50185.526    807865.526   52310.549
449  Blosum62+R4   24420.358    617 50074.717    812686.717   52206.650
450  Blosum62+R5   24402.817    619 50043.634    817603.634   52182.478
451  Blosum62+R6   24398.517    621 50039.033    822563.033   52184.788
456  Blosum62+F    25305.530    630 51871.060    846931.060   54047.912
457  Blosum62+F+I  25188.152    631 51638.304    849222.304   53818.611
458  Blosum62+F+G4 24109.821    631 49481.642    847065.642   51661.950
459  Blosum62+F+I+G4 24099.272    632 49462.544    849574.544   51646.307
460  Blosum62+F+R2 24300.739    632 49865.478    849977.478   52049.241
461  Blosum62+F+R3 24150.576    634 49569.152    854749.152   51759.825
462  Blosum62+F+R4 24091.649    636 49455.298    859719.298   51652.883
463  Blosum62+F+R5 24067.410    638 49410.821    864774.821   51615.316
464  Blosum62+F+R6 24063.507    640 49407.015    869887.015   51618.420
469  mtMet         25721.246    611 52664.493    800528.493   54775.694
470  mtMet+I       25630.025    612 52484.050    802796.050   54598.706
471  mtMet+G4      24389.833    612 50003.666    800315.666   52118.323
472  mtMet+I+G4    24384.233    613 49994.466    802758.466   52112.577
473  mtMet+R2      24623.839    613 50473.679    803237.679   52591.790
474  mtMet+R3      24436.789    615 50103.579    807783.579   52228.601
475  mtMet+R4      24378.566    617 49991.131    812603.131   52123.065
476  mtMet+R5      24363.463    619 49964.925    817524.925   52103.769
477  mtMet+R6      24357.610    621 49957.220    822481.220   52102.975
478  mtMet+R7      24355.303    623 49956.607    827460.607   52109.272
482  mtMet+F       25472.049    630 52204.097    847264.097   54380.950
483  mtMet+F+I     25386.481    631 52034.963    849618.963   54215.271
484  mtMet+F+G4    24143.279    631 49548.558    847132.558   51728.866
485  mtMet+F+I+G4  24137.935    632 49539.870    849651.870   51723.633
486  mtMet+F+R2    24370.888    632 50005.775    850117.775   52189.538
487  mtMet+F+R3    24181.053    634 49630.106    854810.106   51820.780
488  mtMet+F+R4    24132.352    636 49536.704    859800.704   51734.289
489  mtMet+F+R5    24111.361    638 49498.722    864862.722   51703.216
490  mtMet+F+R6    24106.192    640 49492.384    869972.384   51703.789
495  mtVer         26447.481    611 54116.963    801980.963   56228.164
496  mtVer+I       26355.909    612 53935.818    804247.818   56050.475
497  mtVer+G4      25015.245    612 51254.491    801566.491   53369.147
498  mtVer+I+G4    25010.823    613 51247.647    804011.647   53365.759
499  mtVer+R2      25286.831    613 51799.662    804563.662   53917.774
500  mtVer+R3      25082.654    615 51395.307    809075.307   53520.330
501  mtVer+R4      25011.798    617 51257.595    813869.595   53389.529
502  mtVer+R5      24995.755    619 51229.511    818789.511   53368.354
503  mtVer+R6      24987.743    621 51217.486    823741.486   53363.240
504  mtVer+R7      24983.704    623 51213.409    828717.409   53366.074
508  mtVer+F       26033.773    630 53327.546    848387.546   55504.398
509  mtVer+F+I     25925.806    631 53113.611    850697.611   55293.919
510  mtVer+F+G4    24608.605    631 50479.210    848063.210   52659.518
511  mtVer+F+I+G4  24600.800    632 50465.600    850577.600   52649.363
512  mtVer+F+R2    24868.204    632 51000.408    851112.408   53184.171
513  mtVer+F+R3    24665.362    634 50598.725    855778.725   52789.398
514  mtVer+F+R4    24605.140    636 50482.281    860746.281   52679.865
515  mtVer+F+R5    24585.392    638 50446.784    865810.784   52651.279
516  mtVer+F+R6    24578.173    640 50436.345    870916.345   52647.751
517  mtVer+F+R7    24574.630    642 50433.260    876045.260   52651.576
521  mtInv         25576.398    611 52374.796    800238.796   54485.997
522  mtInv+I       25477.053    612 52178.107    802490.107   54292.763
523  mtInv+G4      24306.352    612 49836.704    800148.704   51951.360
524  mtInv+I+G4    24298.509    613 49823.017    802587.017   51941.129
525  mtInv+R2      24517.456    613 50260.912    803024.912   52379.024
526  mtInv+R3      24345.180    615 49920.360    807600.360   52045.382
527  mtInv+R4      24289.381    617 49812.761    812424.761   51944.694
528  mtInv+R5      24274.341    619 49786.683    817346.683   51925.526
529  mtInv+R6      24269.698    621 49781.396    822305.396   51927.150
534  mtInv+F       25164.384    630 51588.768    846648.768   53765.620
535  mtInv+F+I     25072.328    631 51406.655    848990.655   53586.963
536  mtInv+F+G4    23897.002    631 49056.003    846640.003   51236.311
537  mtInv+F+I+G4  23889.865    632 49043.729    849155.729   51227.492
538  mtInv+F+R2    24105.731    632 49475.462    849587.462   51659.225
539  mtInv+F+R3    23932.045    634 49132.090    854312.090   51322.764
540  mtInv+F+R4    23880.437    636 49032.874    859296.874   51230.459
541  mtInv+F+R5    23861.805    638 48999.609    864363.609   51204.104
542  mtInv+F+R6    23857.197    640 48994.394    869474.394   51205.799
Akaike Information Criterion:           LG+F+R6
Corrected Akaike Information Criterion: mtZOA+G4
Bayesian Information Criterion:         LG+F+R5
Best-fit model: LG+F+R5 chosen according to BIC

All model information printed to nmoc_aln.fasta.model.gz
CPU time for ModelFinder: 2169.932 seconds (0h:36m:9s)
Wall-clock time for ModelFinder: 2181.004 seconds (0h:36m:21s)
Generating 1000 samples for ultrafast bootstrap (seed: 206417)...

NOTE: 60 MB RAM (0 GB) is required!
Estimate model parameters (epsilon = 0.100)
1. Initial log-likelihood: -23756.805
2. Current log-likelihood: -23740.973
3. Current log-likelihood: -23729.469
4. Current log-likelihood: -23723.252
5. Current log-likelihood: -23720.517
6. Current log-likelihood: -23719.518
7. Current log-likelihood: -23719.273
Optimal log-likelihood: -23719.189
Site proportion and rates:  (0.253,0.158) (0.354,0.544) (0.143,1.164) (0.196,2.039) (0.055,3.681)
Parameters optimization took 7 rounds (18.500 sec)
Computing ML distances based on estimated model parameters... 33.160 sec
Computing BIONJ tree...
0.113 seconds
Log-likelihood of BIONJ tree: -24224.649
--------------------------------------------------------------------
|             INITIALIZING CANDIDATE TREE SET                      |
--------------------------------------------------------------------
Generating 98 parsimony trees... 9.108 second
Computing log-likelihood of 98 initial trees ... 41.997 seconds
Current best score: -23687.920

Do NNI search on 20 best initial trees
Estimate model parameters (epsilon = 0.100)
BETTER TREE FOUND at iteration 1: -23619.007
Iteration 10 / LogL: -23643.515 / Time: 0h:2m:37s
Iteration 20 / LogL: -23679.210 / Time: 0h:3m:25s
Finish initializing candidate tree set (20)
Current best tree score: -23619.007 / CPU time: 151.486
Number of iterations: 20
--------------------------------------------------------------------
|               OPTIMIZING CANDIDATE TREE SET                      |
--------------------------------------------------------------------
Estimate model parameters (epsilon = 0.100)
BETTER TREE FOUND at iteration 21: -23607.498
Iteration 30 / LogL: -23637.239 / Time: 0h:4m:47s (0h:15m:0s left)
Estimate model parameters (epsilon = 0.100)
BETTER TREE FOUND at iteration 31: -23602.097
Iteration 40 / LogL: -23614.936 / Time: 0h:6m:0s (0h:14m:1s left)
Estimate model parameters (epsilon = 0.100)
BETTER TREE FOUND at iteration 44: -23592.414
Iteration 50 / LogL: -23622.325 / Time: 0h:7m:16s (0h:13m:56s left)
Log-likelihood cutoff on original alignment: -23711.509
Iteration 60 / LogL: -23604.338 / Time: 0h:8m:29s (0h:12m:5s left)
Estimate model parameters (epsilon = 0.100)
BETTER TREE FOUND at iteration 68: -23590.948
Iteration 70 / LogL: -23721.134 / Time: 0h:9m:48s (0h:13m:55s left)
Iteration 80 / LogL: -23602.591 / Time: 0h:11m:4s (0h:12m:19s left)
BETTER TREE FOUND at iteration 88: -23590.944
Iteration 90 / LogL: -23602.095 / Time: 0h:12m:16s (0h:13m:31s left)
Estimate model parameters (epsilon = 0.100)
BETTER TREE FOUND at iteration 94: -23590.483
Iteration 100 / LogL: -23600.375 / Time: 0h:13m:34s (0h:12m:53s left)
Log-likelihood cutoff on original alignment: -23711.509
NOTE: Bootstrap correlation coefficient of split occurrence frequencies: 0.988
NOTE: UFBoot does not converge, continue at least 100 more iterations
Estimate model parameters (epsilon = 0.100)
BETTER TREE FOUND at iteration 109: -23588.309
Iteration 110 / LogL: -23595.956 / Time: 0h:14m:49s (0h:13m:27s left)
Iteration 120 / LogL: -23600.875 / Time: 0h:15m:59s (0h:11m:57s left)
Iteration 130 / LogL: -23877.603 / Time: 0h:17m:12s (0h:10m:32s left)
Iteration 140 / LogL: -23594.795 / Time: 0h:18m:24s (0h:9m:8s left)
Iteration 150 / LogL: -23612.156 / Time: 0h:19m:39s (0h:7m:47s left)
Log-likelihood cutoff on original alignment: -23711.509
Iteration 160 / LogL: -23645.752 / Time: 0h:20m:53s (0h:6m:26s left)
Iteration 170 / LogL: -23602.290 / Time: 0h:22m:11s (0h:5m:7s left)
Iteration 180 / LogL: -23618.350 / Time: 0h:23m:27s (0h:3m:47s left)
Estimate model parameters (epsilon = 0.100)
BETTER TREE FOUND at iteration 185: -23585.040
Iteration 190 / LogL: -23591.618 / Time: 0h:24m:45s (0h:12m:26s left)
Iteration 200 / LogL: -23600.325 / Time: 0h:25m:58s (0h:11m:5s left)
Log-likelihood cutoff on original alignment: -23711.509
NOTE: Bootstrap correlation coefficient of split occurrence frequencies: 0.994
Iteration 210 / LogL: -23655.176 / Time: 0h:27m:15s (0h:11m:44s left)
Iteration 220 / LogL: -23588.767 / Time: 0h:28m:30s (0h:10m:24s left)
Iteration 230 / LogL: -23616.578 / Time: 0h:29m:39s (0h:9m:4s left)
Iteration 240 / LogL: -23657.815 / Time: 0h:30m:56s (0h:7m:46s left)
Iteration 250 / LogL: -23597.338 / Time: 0h:32m:11s (0h:6m:27s left)
Log-likelihood cutoff on original alignment: -23711.509
Iteration 260 / LogL: -23587.522 / Time: 0h:33m:25s (0h:5m:9s left)
Estimate model parameters (epsilon = 0.100)
BETTER TREE FOUND at iteration 270: -23584.713
Iteration 270 / LogL: -23584.713 / Time: 0h:34m:42s (0h:12m:54s left)
Iteration 280 / LogL: -23586.614 / Time: 0h:35m:53s (0h:11m:34s left)
Iteration 290 / LogL: -23601.619 / Time: 0h:37m:5s (0h:10m:16s left)
Iteration 300 / LogL: -23595.125 / Time: 0h:38m:19s (0h:8m:58s left)
Log-likelihood cutoff on original alignment: -23711.509
NOTE: Bootstrap correlation coefficient of split occurrence frequencies: 0.996
Iteration 310 / LogL: -23677.572 / Time: 0h:39m:33s (0h:11m:31s left)
Estimate model parameters (epsilon = 0.100)
BETTER TREE FOUND at iteration 311: -23584.602
Iteration 320 / LogL: -23585.853 / Time: 0h:40m:46s (0h:11m:37s left)
Estimate model parameters (epsilon = 0.100)
BETTER TREE FOUND at iteration 329: -23582.469
Iteration 330 / LogL: -23598.650 / Time: 0h:42m:2s (0h:12m:39s left)
Estimate model parameters (epsilon = 0.100)
BETTER TREE FOUND at iteration 335: -23581.510
Iteration 340 / LogL: -23615.323 / Time: 0h:43m:18s (0h:12m:8s left)
Iteration 350 / LogL: -23608.543 / Time: 0h:44m:32s (0h:10m:50s left)
Log-likelihood cutoff on original alignment: -23711.509
Iteration 360 / LogL: -23599.912 / Time: 0h:45m:44s (0h:9m:33s left)
Estimate model parameters (epsilon = 0.100)
BETTER TREE FOUND at iteration 370: -23580.719
Iteration 370 / LogL: -23580.719 / Time: 0h:46m:59s (0h:12m:44s left)
Iteration 380 / LogL: -23582.537 / Time: 0h:48m:10s (0h:11m:26s left)
Iteration 390 / LogL: -23601.314 / Time: 0h:49m:23s (0h:10m:9s left)
Iteration 400 / LogL: -23596.767 / Time: 0h:50m:35s (0h:8m:52s left)
Log-likelihood cutoff on original alignment: -23711.509
NOTE: Bootstrap correlation coefficient of split occurrence frequencies: 0.994
Iteration 410 / LogL: -23589.747 / Time: 0h:51m:51s (0h:11m:24s left)
Estimate model parameters (epsilon = 0.100)
BETTER TREE FOUND at iteration 412: -23580.001
Estimate model parameters (epsilon = 0.100)
BETTER TREE FOUND at iteration 417: -23579.224
Iteration 420 / LogL: -23591.962 / Time: 0h:53m:11s (0h:12m:18s left)
Iteration 430 / LogL: -23615.366 / Time: 0h:54m:23s (0h:11m:1s left)
Iteration 440 / LogL: -23587.046 / Time: 0h:55m:32s (0h:9m:44s left)
Iteration 450 / LogL: -23587.901 / Time: 0h:56m:46s (0h:8m:28s left)
Log-likelihood cutoff on original alignment: -23711.509
Iteration 460 / LogL: -23585.797 / Time: 0h:58m:1s (0h:7m:12s left)
Iteration 470 / LogL: -23589.686 / Time: 0h:59m:15s (0h:5m:56s left)
Iteration 480 / LogL: -23597.456 / Time: 1h:0m:29s (0h:4m:40s left)
Iteration 490 / LogL: -23611.700 / Time: 1h:1m:42s (0h:3m:24s left)
Estimate model parameters (epsilon = 0.100)
BETTER TREE FOUND at iteration 491: -23577.264
Iteration 500 / LogL: -23650.273 / Time: 1h:3m:0s (0h:11m:29s left)
Log-likelihood cutoff on original alignment: -23711.509
NOTE: Bootstrap correlation coefficient of split occurrence frequencies: 0.993
Iteration 510 / LogL: -23605.428 / Time: 1h:4m:13s (0h:11m:21s left)
Iteration 520 / LogL: -23591.518 / Time: 1h:5m:25s (0h:10m:5s left)
Iteration 530 / LogL: -23647.117 / Time: 1h:6m:37s (0h:8m:48s left)
Iteration 540 / LogL: -23590.529 / Time: 1h:7m:52s (0h:7m:33s left)
Estimate model parameters (epsilon = 0.100)
BETTER TREE FOUND at iteration 546: -23576.514
Iteration 550 / LogL: -23584.103 / Time: 1h:9m:6s (0h:12m:5s left)
Log-likelihood cutoff on original alignment: -23711.509
Iteration 560 / LogL: -23606.108 / Time: 1h:10m:18s (0h:10m:48s left)
Iteration 570 / LogL: -23580.587 / Time: 1h:11m:33s (0h:9m:33s left)
Iteration 580 / LogL: -23633.280 / Time: 1h:12m:47s (0h:8m:17s left)
Iteration 590 / LogL: -23617.483 / Time: 1h:14m:1s (0h:7m:2s left)
Iteration 600 / LogL: -23598.024 / Time: 1h:15m:14s (0h:5m:46s left)
Log-likelihood cutoff on original alignment: -23711.509
NOTE: Bootstrap correlation coefficient of split occurrence frequencies: 0.993
Iteration 610 / LogL: -23585.107 / Time: 1h:16m:28s (0h:11m:18s left)
Iteration 620 / LogL: -23587.724 / Time: 1h:17m:40s (0h:10m:2s left)
Iteration 630 / LogL: -23583.473 / Time: 1h:18m:53s (0h:8m:46s left)
Iteration 640 / LogL: -23591.884 / Time: 1h:20m:5s (0h:7m:31s left)
TREE SEARCH COMPLETED AFTER 647 ITERATIONS / Time: 1h:20m:58s

--------------------------------------------------------------------
|                    FINALIZING TREE SEARCH                        |
--------------------------------------------------------------------
Performs final model parameters optimization
Estimate model parameters (epsilon = 0.010)
1. Initial log-likelihood: -23576.514
Optimal log-likelihood: -23576.514
Site proportion and rates:  (0.251,0.155) (0.349,0.533) (0.131,1.101) (0.210,1.997) (0.059,3.607)
Parameters optimization took 1 rounds (1.255 sec)
BEST SCORE FOUND : -23576.514

Testing tree branches by SH-like aLRT with 1000 replicates...
2.761 sec.
Creating bootstrap support values...
Split supports printed to NEXUS file nmoc_aln.fasta.splits.nex
Total tree length: 28.719

Total number of iterations: 647
CPU time used for tree search: 4788.596 sec (1h:19m:48s)
Wall-clock time used for tree search: 4804.320 sec (1h:20m:4s)
Total CPU time used: 4846.908 sec (1h:20m:46s)
Total wall-clock time used: 4863.119 sec (1h:21m:3s)

Computing bootstrap consensus tree...
Reading input file nmoc_aln.fasta.splits.nex...
307 taxa and 1633 splits.
Consensus tree written to nmoc_aln.fasta.contree
Reading input trees file nmoc_aln.fasta.contree
Log-likelihood of consensus tree: -23578.790

Analysis results written to: 
  IQ-TREE report:                nmoc_aln.fasta.iqtree
  Maximum-likelihood tree:       nmoc_aln.fasta.treefile
  Likelihood distances:          nmoc_aln.fasta.mldist

Ultrafast bootstrap approximation results written to:
  Split support values:          nmoc_aln.fasta.splits.nex
  Consensus tree:                nmoc_aln.fasta.contree
  Screen log file:               nmoc_aln.fasta.log

Date and Time: Tue Sep  5 23:56:49 2023
