IQ-TREE multicore version 1.6.12 for Linux 64-bit built Aug 15 2019
Developed by Bui Quang Minh, Nguyen Lam Tung, Olga Chernomor,
Heiko Schmidt, Dominik Schrempf, Michael Woodhams.

Host:    fermat (AVX2, FMA3, 1009 GB RAM)
Command: ../../iqtree -s rods_musc_aln.fasta-gb -m TESTNEW -bb 1000 -alrt 1000
Seed:    197981 (Using SPRNG - Scalable Parallel Random Number Generator)
Time:    Tue Sep  5 22:38:57 2023
Kernel:  AVX+FMA - 1 threads (128 CPU cores detected)

HINT: Use -nt option to specify number of threads because your CPU has 128 cores!
HINT: -nt AUTO will automatically determine the best number of threads to use.

Reading alignment file rods_musc_aln.fasta-gb ... Fasta format detected
Alignment most likely contains protein sequences
Alignment has 356 sequences with 292 columns, 255 distinct patterns
237 parsimony-informative, 4 singleton sites, 51 constant sites
        Gap/Ambiguity  Composition  p-value
   1  S195      0.00%    failed      3.10%
   2  S196      0.00%    failed      2.57%
   3  S247      0.00%    passed     99.81%
   4  S249      0.00%    passed     99.71%
   5  S253      0.00%    passed     75.07%
   6  S343      0.00%    passed    100.00%
   7  S342      0.00%    passed    100.00%
   8  S337      0.00%    passed    100.00%
   9  S341      0.00%    passed     99.99%
  10  S308      0.00%    passed     98.31%
  11  S167      0.00%    passed    100.00%
  12  S156      0.00%    passed    100.00%
  13  S242      0.00%    passed    100.00%
  14  S166      0.00%    passed    100.00%
  15  S322      0.00%    passed     97.28%
  16  S332      0.00%    passed     99.82%
  17  S323      0.00%    passed     99.39%
  18  S244      0.00%    passed     99.99%
  19  S251      0.00%    passed     99.98%
  20  S243      0.00%    passed    100.00%
  21  S245      0.00%    passed     99.99%
  22  S178      0.00%    passed    100.00%
  23  S333      0.00%    passed     99.92%
  24  S334      0.00%    passed     99.92%
  25  S172      0.00%    passed     99.93%
  26  S179      0.00%    passed     99.76%
  27  S174      0.00%    passed     99.99%
  28  S177      0.00%    passed     99.92%
  29  S173      0.00%    passed     99.91%
  30  S175      0.00%    passed     99.95%
  31  S176      0.00%    passed     99.91%
  32  S165      0.00%    passed     99.98%
  33  S162      0.00%    passed     99.98%
  34  S158      0.00%    passed     99.96%
  35  S157      0.00%    passed     99.97%
  36  S159      0.00%    passed     99.98%
  37  S164      0.00%    passed     99.96%
  38  S163      0.00%    passed     99.98%
  39  S161      0.00%    passed     99.96%
  40  S160      0.00%    passed     99.98%
  41  S171      0.00%    passed     99.95%
  42  S241      0.00%    passed     99.95%
  43  S181      0.00%    passed     98.44%
  44  S303      0.00%    passed     98.44%
  45  S194      0.00%    passed     99.49%
  46  S191      0.00%    passed     99.74%
  47  S193      0.00%    passed     99.75%
  48  S190      0.00%    passed     99.30%
  49  S192      0.00%    passed     99.52%
  50  S184      0.00%    passed     99.50%
  51  S188      0.00%    passed     99.81%
  52  S187      0.00%    passed     99.61%
  53  S185      0.00%    passed     99.54%
  54  S186      0.00%    passed     99.27%
  55  S189      0.00%    passed     99.66%
  56  S180      0.00%    passed     99.61%
  57  S302      0.00%    passed     99.61%
  58  S272      0.00%    passed     96.19%
  59  S266      0.00%    passed     98.60%
  60  S269      0.00%    passed     98.60%
  61  S268      0.00%    passed     98.19%
  62  S263      0.00%    passed     87.41%
  63  S260      0.00%    passed     92.10%
  64  S282      0.00%    passed     95.47%
  65  S281      0.00%    passed     96.75%
  66  S278      0.00%    passed     96.33%
  67  S277      0.00%    passed     94.36%
  68  S257      0.00%    passed     93.39%
  69  S276      0.00%    passed     95.36%
  70  S279      0.00%    passed     95.55%
  71  S280      0.00%    passed     95.53%
  72  S275      0.00%    passed     95.75%
  73  S284      0.00%    passed     97.69%
  74  S287      0.00%    passed     96.58%
  75  S292      0.00%    passed     96.23%
  76  S283      0.00%    passed     96.20%
  77  S289      0.00%    passed     95.60%
  78  S274      0.00%    passed     96.67%
  79  S288      0.00%    passed     96.12%
  80  S290      0.00%    passed     97.62%
  81  S285      0.00%    passed     97.16%
  82  S286      0.00%    passed     97.88%
  83  S291      0.00%    passed     97.64%
  84  S271      0.00%    passed     96.18%
  85  S265      0.00%    passed     96.94%
  86  S273      0.00%    passed     91.12%
  87  S256      0.00%    passed     96.17%
  88  S259      0.00%    passed     96.17%
  89  S262      0.00%    passed     95.96%
  90  S331      0.00%    passed     98.68%
  91  S306      0.00%    passed     98.44%
  92  S307      0.00%    passed     96.29%
  93  S270      0.00%    passed     89.73%
  94  S264      0.00%    passed     89.25%
  95  S295      0.00%    passed     87.47%
  96  S267      0.00%    passed     91.32%
  97  S296      0.00%    passed     87.98%
  98  S258      0.00%    passed     91.22%
  99  S170      0.00%    passed     98.39%
 100  S168      0.00%    passed     95.21%
 101  S255      0.00%    passed     95.21%
 102  S169      0.00%    passed     96.71%
 103  S261      0.00%    passed     91.32%
 104  S294      0.00%    passed     97.43%
 105  S293      0.00%    passed     97.33%
 106  S239      0.00%    passed     99.68%
 107  S182      0.00%    passed     99.98%
 108  S304      0.00%    passed     99.98%
 109  S240      0.00%    passed     99.77%
 110  S329      0.00%    passed     94.52%
 111  S330      0.00%    passed     94.50%
 112  S183      0.00%    passed     99.85%
 113  S305      0.00%    passed     99.74%
 114  S328      0.00%    passed     98.72%
 115  S327      0.00%    passed     99.99%
 116  S324      0.00%    passed     99.67%
 117  S325      0.00%    passed     99.30%
 118  S326      0.00%    passed     99.72%
 119  S336      0.00%    passed     99.99%
 120  S96       0.00%    passed    100.00%
 121  S355      0.00%    passed     99.98%
 122  S354      0.00%    passed     99.99%
 123  S352      0.00%    passed     99.95%
 124  S353      0.00%    passed     99.91%
 125  S227      0.00%    passed     97.99%
 126  S309      0.00%    passed     97.99%
 127  S246      0.00%    passed     98.92%
 128  S248      0.00%    passed     99.82%
 129  S98       0.00%    passed     99.75%
 130  S228      0.00%    passed     99.75%
 131  S231      0.00%    passed    100.00%
 132  S232      0.00%    passed     99.97%
 133  S233      0.00%    passed     99.96%
 134  S340      0.00%    passed     99.57%
 135  S339      0.00%    passed     99.51%
 136  S88       0.00%    passed     99.34%
 137  S230      0.00%    passed     99.34%
 138  S338      0.00%    passed     99.42%
 139  S43       0.00%    passed     99.92%
 140  S42       0.00%    passed     99.94%
 141  S40       0.00%    passed     99.88%
 142  S41       0.00%    passed     99.98%
 143  S234      0.00%    passed    100.00%
 144  S250      0.00%    passed     99.99%
 145  S236      0.00%    passed     99.97%
 146  S235      0.00%    passed     99.98%
 147  S312      0.00%    passed     99.95%
 148  S237      0.00%    passed     99.96%
 149  S311      0.00%    passed     99.93%
 150  S313      0.00%    passed     99.98%
 151  S315      0.00%    passed     99.96%
 152  S310      0.00%    passed     99.97%
 153  S314      0.00%    passed     99.98%
 154  S316      0.00%    passed     99.93%
 155  S97       0.00%    passed     99.58%
 156  S87       0.00%    passed     99.75%
 157  S131      0.00%    passed     99.84%
 158  S321      0.00%    passed    100.00%
 159  S318      0.00%    passed    100.00%
 160  S320      0.00%    passed    100.00%
 161  S317      0.00%    passed    100.00%
 162  S319      0.00%    passed    100.00%
 163  S80       0.00%    passed     99.43%
 164  S103      0.00%    passed     98.79%
 165  S116      0.00%    passed    100.00%
 166  S108      0.00%    passed    100.00%
 167  S104      0.00%    passed    100.00%
 168  S76       0.00%    passed    100.00%
 169  S102      0.00%    passed    100.00%
 170  S79       0.00%    passed     99.85%
 171  S100      0.00%    passed     99.84%
 172  S119      0.00%    passed     99.84%
 173  S121      0.00%    passed     99.79%
 174  S120      0.00%    passed     99.81%
 175  S122      0.00%    passed     99.80%
 176  S78       0.00%    passed     99.99%
 177  S99       0.00%    passed     99.98%
 178  S117      0.00%    passed     99.99%
 179  S77       0.00%    passed     99.99%
 180  S110      0.00%    passed    100.00%
 181  S111      0.00%    passed    100.00%
 182  S217      0.00%    passed     99.97%
 183  S350      0.00%    passed     99.99%
 184  S351      0.00%    passed     99.99%
 185  S349      0.00%    passed     99.99%
 186  S215      0.00%    passed    100.00%
 187  S216      0.00%    passed    100.00%
 188  S138      0.00%    passed    100.00%
 189  S238      0.00%    passed    100.00%
 190  S144      0.00%    passed    100.00%
 191  S151      0.00%    passed    100.00%
 192  S301      0.00%    passed     99.99%
 193  S57       0.00%    passed     99.99%
 194  S55       0.00%    passed     99.99%
 195  S46       0.00%    passed     99.98%
 196  S44       0.00%    passed     99.99%
 197  S299      0.00%    passed     99.98%
 198  S47       0.00%    passed     99.99%
 199  S60       0.00%    passed     99.99%
 200  S54       0.00%    passed     99.99%
 201  S48       0.00%    passed     99.99%
 202  S50       0.00%    passed     99.99%
 203  S49       0.00%    passed    100.00%
 204  S56       0.00%    passed     99.98%
 205  S51       0.00%    passed     99.98%
 206  S347      0.00%    passed     99.99%
 207  S348      0.00%    passed    100.00%
 208  S53       0.00%    passed     99.99%
 209  S52       0.00%    passed    100.00%
 210  S346      0.00%    passed     99.99%
 211  S345      0.00%    passed     99.99%
 212  S300      0.00%    passed    100.00%
 213  S298      0.00%    passed     99.99%
 214  S297      0.00%    passed    100.00%
 215  S226      0.00%    passed     99.99%
 216  S225      0.00%    passed    100.00%
 217  S224      0.00%    passed     99.99%
 218  S223      0.00%    passed     99.98%
 219  S222      0.00%    passed     99.99%
 220  S221      0.00%    passed    100.00%
 221  S214      0.00%    passed     99.99%
 222  S213      0.00%    passed     99.99%
 223  S142      0.00%    passed     99.99%
 224  S141      0.00%    passed     99.99%
 225  S140      0.00%    passed    100.00%
 226  S139      0.00%    passed    100.00%
 227  S61       0.00%    passed     99.99%
 228  S58       0.00%    passed    100.00%
 229  S45       0.00%    passed     99.99%
 230  S335      0.00%    passed     99.99%
 231  S59       0.00%    passed    100.00%
 232  S203      0.00%    passed     99.99%
 233  S200      0.00%    passed     99.99%
 234  S207      0.00%    passed     99.99%
 235  S210      0.00%    passed     99.99%
 236  S211      0.00%    passed     99.99%
 237  S204      0.00%    passed     99.99%
 238  S205      0.00%    passed     99.99%
 239  S206      0.00%    passed     99.99%
 240  S212      0.00%    passed     99.99%
 241  S197      0.00%    passed     99.99%
 242  S202      0.00%    passed     99.99%
 243  S208      0.00%    passed     99.99%
 244  S209      0.00%    passed     99.99%
 245  Bovine    0.00%    passed     99.99%
 246  S137      0.00%    passed     99.99%
 247  S198      0.00%    passed     99.99%
 248  S199      0.00%    passed     99.99%
 249  S201      0.00%    passed     99.99%
 250  S145      0.00%    passed     99.99%
 251  S152      0.00%    passed    100.00%
 252  S148      0.00%    passed    100.00%
 253  S155      0.00%    passed    100.00%
 254  S254      0.00%    passed     99.99%
 255  S218      0.00%    passed    100.00%
 256  S219      0.00%    passed     99.99%
 257  S220      0.00%    passed    100.00%
 258  S89       0.00%    passed    100.00%
 259  S344      0.00%    passed    100.00%
 260  S93       0.00%    passed     99.92%
 261  S130      0.00%    passed     99.91%
 262  S10       0.00%    passed     99.65%
 263  S11       0.00%    passed     99.95%
 264  S1        0.00%    passed     99.97%
 265  S2        0.00%    passed     99.90%
 266  S4        0.00%    passed     99.91%
 267  S7        0.00%    passed     99.94%
 268  S5        0.00%    passed     99.88%
 269  S6        0.00%    passed     99.93%
 270  S3        0.00%    passed     99.94%
 271  S8        0.00%    passed    100.00%
 272  S9        0.00%    passed     99.99%
 273  S252      0.00%    passed     98.23%
 274  S91       0.00%    passed     97.57%
 275  S143      0.00%    passed     99.35%
 276  S149      0.00%    passed     99.41%
 277  S146      0.00%    passed     99.03%
 278  S153      0.00%    passed     98.82%
 279  S132      0.00%    passed     99.17%
 280  S150      0.00%    passed     99.17%
 281  S127      0.00%    passed     98.78%
 282  S90       0.00%    passed     98.98%
 283  S136      0.00%    passed     98.98%
 284  S124      0.00%    passed     98.53%
 285  S147      0.00%    passed     99.31%
 286  S154      0.00%    passed     99.37%
 287  S26       0.00%    passed     99.90%
 288  S29       0.00%    passed     99.48%
 289  S71       0.00%    passed     99.38%
 290  S24       0.00%    passed     98.35%
 291  S67       0.00%    passed     99.75%
 292  S68       0.00%    passed     99.84%
 293  S65       0.00%    passed     99.93%
 294  S37       0.00%    passed     99.26%
 295  S38       0.00%    passed     99.29%
 296  S66       0.00%    passed     99.85%
 297  S12       0.00%    passed     99.65%
 298  S14       0.00%    passed     99.65%
 299  S16       0.00%    passed     99.87%
 300  S25       0.00%    passed     99.89%
 301  S64       0.00%    passed     99.62%
 302  S39       0.00%    passed     99.84%
 303  S17       0.00%    passed     99.78%
 304  S22       0.00%    passed     99.77%
 305  S15       0.00%    passed     99.55%
 306  S72       0.00%    passed     99.83%
 307  S28       0.00%    passed     99.85%
 308  S75       0.00%    passed     99.67%
 309  S33       0.00%    passed     99.93%
 310  S21       0.34%    passed     99.91%
 311  S74       0.34%    passed     99.97%
 312  S30       0.00%    passed     99.81%
 313  S73       0.00%    passed     99.92%
 314  S32       0.00%    passed     99.88%
 315  S20       0.00%    passed     99.92%
 316  S13       0.00%    passed     99.73%
 317  S27       0.00%    passed     99.85%
 318  S36       0.00%    passed     99.82%
 319  S63       0.00%    passed     99.79%
 320  S19       0.00%    passed     99.70%
 321  S62       0.00%    passed     99.70%
 322  S23       0.00%    passed     99.94%
 323  S31       0.00%    passed     99.91%
 324  S18       0.00%    passed     99.91%
 325  S69       0.00%    passed     99.80%
 326  S34       0.00%    passed     99.91%
 327  S35       0.00%    passed     99.93%
 328  S70       0.00%    passed     99.93%
 329  S134      0.00%    passed     99.73%
 330  S129      0.00%    passed     99.91%
 331  S95       0.00%    passed     99.77%
 332  S126      0.00%    passed     99.92%
 333  S229      0.00%    passed     99.92%
 334  S94       0.00%    passed     99.90%
 335  S135      0.00%    passed     99.89%
 336  S107      0.00%    passed     99.25%
 337  S84       0.00%    passed     99.79%
 338  S118      0.00%    passed     99.77%
 339  S133      0.00%    passed     99.17%
 340  S128      0.00%    passed     99.36%
 341  S92       0.00%    passed     99.06%
 342  S125      0.00%    passed     99.27%
 343  S86       0.00%    passed     99.95%
 344  S85       0.00%    passed     99.94%
 345  S109      0.00%    passed     98.50%
 346  S105      0.00%    passed     99.77%
 347  S82       0.00%    passed     99.95%
 348  S101      0.00%    passed     99.94%
 349  S123      0.00%    passed     99.92%
 350  S83       0.00%    passed     99.92%
 351  S106      0.00%    passed     99.71%
 352  S113      0.00%    passed     99.92%
 353  S112      0.00%    passed     99.94%
 354  S114      0.00%    passed     99.92%
 355  S81       0.00%    passed     99.93%
 356  S115      0.00%    passed     99.97%
****  TOTAL     0.00%  2 sequences failed composition chi2 test (p-value<5%; df=19)
NOTE: S242 is identical to S156 but kept for subsequent analysis
NOTE: S334 is identical to S333 but kept for subsequent analysis
NOTE: S241 is identical to S171 but kept for subsequent analysis
NOTE: S303 is identical to S181 but kept for subsequent analysis
NOTE: S180 is identical to S187 but kept for subsequent analysis
NOTE: S269 is identical to S266 but kept for subsequent analysis
NOTE: S259 is identical to S256 but kept for subsequent analysis
NOTE: S255 is identical to S168 but kept for subsequent analysis
NOTE: S304 is identical to S182 but kept for subsequent analysis
NOTE: S309 is identical to S227 but kept for subsequent analysis
NOTE: S228 is identical to S98 but kept for subsequent analysis
NOTE: S230 is identical to S88 but kept for subsequent analysis
NOTE: S238 is identical to S138 but kept for subsequent analysis
NOTE: S213 is identical to S214 but kept for subsequent analysis
NOTE: S335 is identical to S45 but kept for subsequent analysis
NOTE: S200 is identical to S203 but kept for subsequent analysis
NOTE: S150 is identical to S132 but kept for subsequent analysis
NOTE: S136 is identical to S90 but kept for subsequent analysis
NOTE: S14 is identical to S12 but kept for subsequent analysis
NOTE: S62 is identical to S19 but kept for subsequent analysis
NOTE: 17 identical sequences (see below) will be ignored for subsequent analysis
NOTE: S302 (identical to S187) is ignored but added at the end
NOTE: S207 (identical to S203) is ignored but added at the end
NOTE: S210 (identical to S203) is ignored but added at the end
NOTE: S211 (identical to S203) is ignored but added at the end
NOTE: S204 (identical to S203) is ignored but added at the end
NOTE: S205 (identical to S203) is ignored but added at the end
NOTE: S206 (identical to S203) is ignored but added at the end
NOTE: S212 (identical to S203) is ignored but added at the end
NOTE: S197 (identical to S203) is ignored but added at the end
NOTE: S202 (identical to S203) is ignored but added at the end
NOTE: S208 (identical to S203) is ignored but added at the end
NOTE: S209 (identical to S203) is ignored but added at the end
NOTE: Bovine (identical to S203) is ignored but added at the end
NOTE: S137 (identical to S203) is ignored but added at the end
NOTE: S198 (identical to S203) is ignored but added at the end
NOTE: S199 (identical to S203) is ignored but added at the end
NOTE: S201 (identical to S203) is ignored but added at the end

For your convenience alignment with unique sequences printed to rods_musc_aln.fasta-gb.uniqueseq.phy


Create initial parsimony tree by phylogenetic likelihood library (PLL)... 0.093 seconds
NOTE: ModelFinder requires 145 MB RAM!
ModelFinder will test 546 protein models (sample size: 292) ...
 No. Model         -LnL         df  AIC          AICc         BIC
  1  Dayhoff       14482.563    675 30315.126    942915.126   32796.935
  2  Dayhoff+I     14223.686    676 29799.373    945103.373   32284.859
  3  Dayhoff+G4    13465.499    676 28282.998    943586.998   30768.484
  4  Dayhoff+I+G4  13457.025    677 28268.050    946280.050   30757.213
  5  Dayhoff+R2    13589.078    677 28532.156    946544.156   31021.319
  6  Dayhoff+R3    13497.067    679 28352.134    951792.134   30848.650
  7  Dayhoff+R4    13450.552    681 28263.104    957147.104   30766.973
  8  Dayhoff+R5    13429.041    683 28224.083    962568.083   30735.305
  9  Dayhoff+R6    13419.324    685 28208.649    968028.649   30727.225
 10  Dayhoff+R7    13414.356    687 28202.711    973514.711   30728.641
 14  Dayhoff+F     14162.997    694 29713.993    994373.993   32265.661
 15  Dayhoff+F+I   13935.675    695 29261.350    996701.350   31816.694
 16  Dayhoff+F+G4  13254.289    695 27898.578    995338.578   30453.922
 17  Dayhoff+F+I+G4 13249.160    696 27890.321    998114.321   30449.341
 18  Dayhoff+F+R2  13348.726    696 28089.451    998313.451   30648.472
 19  Dayhoff+F+R3  13266.157    698 27928.314    1003732.314  30494.688
 20  Dayhoff+F+R4  13226.946    700 27853.892    1009253.892  30427.619
 21  Dayhoff+F+R5  13211.734    702 27827.469    1014839.469  30408.550
 22  Dayhoff+F+R6  13206.031    704 27820.061    1020460.061  30408.496
 23  Dayhoff+F+R7  13203.762    706 27819.525    1026103.525  30415.313
 27  mtMAM         14884.570    675 31119.140    943719.140   33600.949
 28  mtMAM+I       14698.349    676 30748.697    946052.697   33234.183
 29  mtMAM+G4      13848.116    676 29048.233    944352.233   31533.718
 30  mtMAM+I+G4    13839.922    677 29033.844    947045.844   31523.006
 31  mtMAM+R2      13982.534    677 29319.068    947331.068   31808.230
 32  mtMAM+R3      13891.368    679 29140.736    952580.736   31637.252
 33  mtMAM+R4      13843.422    681 29048.844    957932.844   31552.713
 34  mtMAM+R5      13822.360    683 29010.719    963354.719   31521.942
 35  mtMAM+R6      13811.681    685 28993.362    968813.362   31511.938
 36  mtMAM+R7      13806.771    687 28987.541    974299.541   31513.471
 40  mtMAM+F       14708.323    694 30804.647    995464.647   33356.314
 41  mtMAM+F+I     14525.505    695 30441.010    997881.010   32996.354
 42  mtMAM+F+G4    13687.801    695 28765.602    996205.602   31320.946
 43  mtMAM+F+I+G4  13679.129    696 28750.259    998974.259   31309.279
 44  mtMAM+F+R2    13840.289    696 29072.579    999296.579   31631.599
 45  mtMAM+F+R3    13733.364    698 28862.728    1004666.728  31429.102
 46  mtMAM+F+R4    13683.354    700 28766.708    1010166.708  31340.436
 47  mtMAM+F+R5    13664.870    702 28733.741    1015745.741  31314.822
 48  mtMAM+F+R6    13655.405    704 28718.810    1021358.810  31307.245
 49  mtMAM+F+R7    13651.777    706 28715.554    1026999.554  31311.343
 53  JTT           14137.529    675 29625.058    942225.058   32106.867
 54  JTT+I         13894.386    676 29140.772    944444.772   31626.257
 55  JTT+G4        13208.342    676 27768.683    943072.683   30254.169
 56  JTT+I+G4      13204.480    677 27762.960    945774.960   30252.122
 57  JTT+R2        13312.669    677 27979.339    945991.339   30468.501
 58  JTT+R3        13224.230    679 27806.460    951246.460   30302.976
 59  JTT+R4        13186.094    681 27734.188    956618.188   30238.058
 60  JTT+R5        13172.517    683 27711.033    962055.033   30222.256
 61  JTT+R6        13167.772    685 27705.544    967525.544   30224.121
 66  JTT+F         13958.492    694 29304.983    993964.983   31856.650
 67  JTT+F+I       13743.621    695 28877.242    996317.242   31432.586
 68  JTT+F+G4      13093.261    695 27576.523    995016.523   30131.867
 69  JTT+F+I+G4    13087.416    696 27566.832    997790.832   30125.853
 70  JTT+F+R2      13177.101    696 27746.201    997970.201   30305.222
 71  JTT+F+R3      13098.456    698 27592.912    1003396.912  30159.286
 72  JTT+F+R4      13064.320    700 27528.639    1008928.639  30102.367
 73  JTT+F+R5      13052.019    702 27508.038    1014520.038  30089.119
 74  JTT+F+R6      13047.691    704 27503.381    1020143.381  30091.816
 79  WAG           14152.244    675 29654.488    942254.488   32136.297
 80  WAG+I         13909.072    676 29170.143    944474.143   31655.629
 81  WAG+G4        13213.263    676 27778.527    943082.527   30264.013
 82  WAG+I+G4      13208.719    677 27771.437    945783.437   30260.600
 83  WAG+R2        13311.215    677 27976.430    945988.430   30465.592
 84  WAG+R3        13231.316    679 27820.632    951260.632   30317.148
 85  WAG+R4        13190.189    681 27742.379    956626.379   30246.248
 86  WAG+R5        13175.846    683 27717.692    962061.692   30228.915
 87  WAG+R6        13169.881    685 27709.762    967529.762   30228.339
 88  WAG+R7        13167.711    687 27709.422    973021.422   30235.352
 92  WAG+F         13952.207    694 29292.414    993952.414   31844.081
 93  WAG+F+I       13733.334    695 28856.668    996296.668   31412.012
 94  WAG+F+G4      13073.364    695 27536.727    994976.727   30092.071
 95  WAG+F+I+G4    13068.666    696 27529.333    997753.333   30088.353
 96  WAG+F+R2      13157.770    696 27707.541    997931.541   30266.561
 97  WAG+F+R3      13080.952    698 27557.903    1003361.903  30124.277
 98  WAG+F+R4      13046.376    700 27492.753    1008892.753  30066.480
 99  WAG+F+R5      13033.759    702 27471.517    1014483.517  30052.599
100  WAG+F+R6      13028.271    704 27464.542    1020104.542  30052.977
105  cpREV         14136.431    675 29622.862    942222.862   32104.671
106  cpREV+I       13878.285    676 29108.571    944412.571   31594.056
107  cpREV+G4      13196.496    676 27744.992    943048.992   30230.478
108  cpREV+I+G4    13190.274    677 27734.549    945746.549   30223.711
109  cpREV+R2      13309.537    677 27973.074    945985.074   30462.237
110  cpREV+R3      13221.122    679 27800.245    951240.245   30296.761
111  cpREV+R4      13181.842    681 27725.683    956609.683   30229.553
112  cpREV+R5      13168.703    683 27703.406    962047.406   30214.629
113  cpREV+R6      13163.668    685 27697.335    967517.335   30215.912
118  cpREV+F       13932.234    694 29252.469    993912.469   31804.136
119  cpREV+F+I     13697.133    695 28784.266    996224.266   31339.610
120  cpREV+F+G4    13052.189    695 27494.378    994934.378   30049.722
121  cpREV+F+I+G4  13047.178    696 27486.356    997710.356   30045.377
122  cpREV+F+R2    13152.871    696 27697.741    997921.741   30256.762
123  cpREV+F+R3    13066.755    698 27529.510    1003333.510  30095.884
124  cpREV+F+R4    13034.485    700 27468.969    1008868.969  30042.697
125  cpREV+F+R5    13022.531    702 27449.062    1014461.062  30030.143
126  cpREV+F+R6    13016.301    704 27440.601    1020080.601  30029.036
127  cpREV+F+R7    13013.258    706 27438.516    1025722.516  30034.304
131  mtREV         14424.123    675 30198.247    942798.247   32680.055
132  mtREV+I       14229.618    676 29811.236    945115.236   32296.722
133  mtREV+G4      13504.862    676 28361.723    943665.723   30847.209
134  mtREV+I+G4    13493.406    677 28340.811    946352.811   30829.973
135  mtREV+R2      13599.442    677 28552.884    946564.884   31042.046
136  mtREV+R3      13517.746    679 28393.491    951833.491   30890.007
137  mtREV+R4      13476.477    681 28314.954    957198.954   30818.823
138  mtREV+R5      13463.540    683 28293.079    962637.079   30804.302
139  mtREV+R6      13459.710    685 28289.420    968109.420   30807.996
144  mtREV+F       14178.367    694 29744.733    994404.733   32296.400
145  mtREV+F+I     13982.166    695 29354.332    996794.332   31909.676
146  mtREV+F+G4    13265.084    695 27920.168    995360.168   30475.511
147  mtREV+F+I+G4  13255.889    696 27903.777    998127.777   30462.798
148  mtREV+F+R2    13367.482    696 28126.964    998350.964   30685.984
149  mtREV+F+R3    13279.815    698 27955.631    1003759.631  30522.005
150  mtREV+F+R4    13241.621    700 27883.242    1009283.242  30456.969
151  mtREV+F+R5    13229.024    702 27862.048    1014874.048  30443.129
152  mtREV+F+R6    13223.684    704 27855.369    1020495.369  30443.803
157  rtREV         14262.783    675 29875.567    942475.567   32357.376
158  rtREV+I       14049.425    676 29450.850    944754.850   31936.336
159  rtREV+G4      13333.257    676 28018.515    943322.515   30504.000
160  rtREV+I+G4    13330.378    677 28014.756    946026.756   30503.918
161  rtREV+R2      13438.517    677 28231.035    946243.035   30720.197
162  rtREV+R3      13348.362    679 28054.725    951494.725   30551.241
163  rtREV+R4      13313.270    681 27988.541    956872.541   30492.410
164  rtREV+R5      13299.323    683 27964.646    962308.646   30475.868
165  rtREV+R6      13293.976    685 27957.952    967777.952   30476.528
170  rtREV+F       14075.769    694 29539.537    994199.537   32091.205
171  rtREV+F+I     13871.738    695 29133.477    996573.477   31688.821
172  rtREV+F+G4    13152.778    695 27695.556    995135.556   30250.900
173  rtREV+F+I+G4  13149.046    696 27690.092    997914.092   30249.113
174  rtREV+F+R2    13250.341    696 27892.682    998116.682   30451.703
175  rtREV+F+R3    13169.397    698 27734.793    1003538.793  30301.167
176  rtREV+F+R4    13130.345    700 27660.690    1009060.690  30234.418
177  rtREV+F+R5    13113.810    702 27631.621    1014643.621  30212.702
178  rtREV+F+R6    13106.411    704 27620.821    1020260.821  30209.256
179  rtREV+F+R7    13102.094    706 27616.188    1025900.188  30211.976
183  mtART         14157.448    675 29664.896    942264.896   32146.705
184  mtART+I       13966.460    676 29284.919    944588.919   31770.405
185  mtART+G4      13204.285    676 27760.571    943064.571   30246.056
186  mtART+I+G4    13195.393    677 27744.785    945756.785   30233.947
187  mtART+R2      13318.875    677 27991.751    946003.751   30480.913
188  mtART+R3      13238.680    679 27835.360    951275.360   30331.876
189  mtART+R4      13190.913    681 27743.826    956627.826   30247.695
190  mtART+R5      13174.411    683 27714.822    962058.822   30226.045
191  mtART+R6      13166.479    685 27702.959    967522.959   30221.535
192  mtART+R7      13160.854    687 27695.707    973007.707   30221.637
196  mtART+F       14073.975    694 29535.949    994195.949   32087.616
197  mtART+F+I     13884.586    695 29159.173    996599.173   31714.517
198  mtART+F+G4    13149.058    695 27688.117    995128.117   30243.461
199  mtART+F+I+G4  13140.950    696 27673.899    997897.899   30232.920
200  mtART+F+R2    13272.415    696 27936.830    998160.830   30495.851
201  mtART+F+R3    13179.855    698 27755.709    1003559.709  30322.084
202  mtART+F+R4    13136.677    700 27673.354    1009073.354  30247.082
203  mtART+F+R5    13120.771    702 27645.542    1014657.542  30226.623
204  mtART+F+R6    13113.485    704 27634.970    1020274.970  30223.404
205  mtART+F+R7    13108.366    706 27628.732    1025912.732  30224.520
209  mtZOA         13899.289    675 29148.577    941748.577   31630.386
210  mtZOA+I       13713.320    676 28778.639    944082.639   31264.125
211  mtZOA+G4      13018.746    676 27389.492    942693.492   29874.978
212  mtZOA+I+G4    13009.853    677 27373.705    945385.705   29862.868
213  mtZOA+R2      13115.950    677 27585.900    945597.900   30075.063
214  mtZOA+R3      13037.435    679 27432.869    950872.869   29929.385
215  mtZOA+R4      12996.888    681 27355.776    956239.776   29859.645
216  mtZOA+R5      12983.253    683 27332.505    961676.505   29843.728
217  mtZOA+R6      12977.905    685 27325.810    967145.810   29844.386
222  mtZOA+F       13881.254    694 29150.509    993810.509   31702.176
223  mtZOA+F+I     13691.998    695 28773.996    996213.996   31329.339
224  mtZOA+F+G4    13012.058    695 27414.115    994854.115   29969.459
225  mtZOA+F+I+G4  13004.813    696 27401.626    997625.626   29960.647
226  mtZOA+F+R2    13116.224    696 27624.449    997848.449   30183.469
227  mtZOA+F+R3    13030.089    698 27456.178    1003260.178  30022.552
228  mtZOA+F+R4    12992.546    700 27385.092    1008785.092  29958.820
229  mtZOA+F+R5    12979.511    702 27363.022    1014375.022  29944.103
230  mtZOA+F+R6    12975.073    704 27358.146    1019998.146  29946.580
235  VT            14166.459    675 29682.918    942282.918   32164.727
236  VT+I          13924.235    676 29200.470    944504.470   31685.955
237  VT+G4         13245.638    676 27843.276    943147.276   30328.761
238  VT+I+G4       13242.887    677 27839.775    945851.775   30328.937
239  VT+R2         13343.759    677 28041.519    946053.519   30530.681
240  VT+R3         13259.340    679 27876.679    951316.679   30373.195
241  VT+R4         13222.885    681 27807.771    956691.771   30311.640
242  VT+R5         13210.831    683 27787.662    962131.662   30298.884
243  VT+R6         13207.730    685 27785.461    967605.461   30304.037
248  VT+F          13991.324    694 29370.648    994030.648   31922.315
249  VT+F+I        13767.871    695 28925.741    996365.741   31481.085
250  VT+F+G4       13119.212    695 27628.424    995068.424   30183.768
251  VT+F+I+G4     13114.537    696 27621.074    997845.074   30180.095
252  VT+F+R2       13203.619    696 27799.239    998023.239   30358.260
253  VT+F+R3       13125.055    698 27646.111    1003450.111  30212.485
254  VT+F+R4       13093.269    700 27586.538    1008986.538  30160.266
255  VT+F+R5       13081.996    702 27567.993    1014579.993  30149.074
256  VT+F+R6       13078.059    704 27564.118    1020204.118  30152.553
261  LG            13981.674    675 29313.348    941913.348   31795.157
262  LG+I          13758.203    676 28868.406    944172.406   31353.891
263  LG+G4         13072.817    676 27497.635    942801.635   29983.120
264  LG+I+G4       13069.533    677 27493.066    945505.066   29982.228
265  LG+R2         13167.519    677 27689.039    945701.039   30178.201
266  LG+R3         13085.891    679 27529.782    950969.782   30026.298
267  LG+R4         13049.164    681 27460.329    956344.329   29964.198
268  LG+R5         13035.986    683 27437.972    961781.972   29949.194
269  LG+R6         13031.612    685 27433.225    967253.225   29951.801
274  LG+F          13865.652    694 29119.304    993779.304   31670.971
275  LG+F+I        13659.287    695 28708.573    996148.573   31263.917
276  LG+F+G4       12985.887    695 27361.773    994801.773   29917.117
277  LG+F+I+G4     12979.034    696 27350.068    997574.068   29909.089
278  LG+F+R2       13075.547    696 27543.095    997767.095   30102.115
279  LG+F+R3       12995.121    698 27386.242    1003190.242  29952.616
280  LG+F+R4       12959.931    700 27319.863    1008719.863  29893.590
281  LG+F+R5       12946.271    702 27296.541    1014308.541  29877.622
282  LG+F+R6       12940.281    704 27288.562    1019928.562  29876.997
283  LG+F+R7       12935.519    706 27283.037    1025567.037  29878.826
287  DCMut         14483.806    675 30317.612    942917.612   32799.421
288  DCMut+I       14224.706    676 29801.411    945105.411   32286.897
289  DCMut+G4      13469.551    676 28291.101    943595.101   30776.587
290  DCMut+I+G4    13461.422    677 28276.844    946288.844   30766.006
291  DCMut+R2      13588.678    677 28531.356    946543.356   31020.518
292  DCMut+R3      13501.191    679 28360.382    951800.382   30856.897
293  DCMut+R4      13455.297    681 28272.595    957156.595   30776.464
294  DCMut+R5      13435.440    683 28236.880    962580.880   30748.103
295  DCMut+R6      13426.145    685 28222.290    968042.290   30740.866
296  DCMut+R7      13419.475    687 28212.951    973524.951   30738.881
297  DCMut+R8      13416.812    689 28211.625    979031.625   30744.908
300  DCMut+F       14165.666    694 29719.332    994379.332   32270.999
301  DCMut+F+I     13938.041    695 29266.081    996706.081   31821.425
302  DCMut+F+G4    13258.489    695 27906.979    995346.979   30462.323
303  DCMut+F+I+G4  13253.369    696 27898.738    998122.738   30457.759
304  DCMut+F+R2    13349.981    696 28091.962    998315.962   30650.983
305  DCMut+F+R3    13270.996    698 27937.992    1003741.992  30504.366
306  DCMut+F+R4    13231.793    700 27863.585    1009263.585  30437.313
307  DCMut+F+R5    13217.131    702 27838.261    1014850.261  30419.343
308  DCMut+F+R6    13210.491    704 27828.983    1020468.983  30417.418
309  DCMut+F+R7    13207.619    706 27827.238    1026111.238  30423.026
313  PMB           14170.401    675 29690.802    942290.802   32172.611
314  PMB+I         13934.940    676 29221.880    944525.880   31707.365
315  PMB+G4        13275.643    676 27903.286    943207.286   30388.771
316  PMB+I+G4      13271.678    677 27897.355    945909.355   30386.518
317  PMB+R2        13364.988    677 28083.976    946095.976   30573.138
318  PMB+R3        13285.699    679 27929.398    951369.398   30425.914
319  PMB+R4        13250.384    681 27862.768    956746.768   30366.638
320  PMB+R5        13238.446    683 27842.892    962186.892   30354.115
321  PMB+R6        13234.725    685 27839.449    967659.449   30358.025
326  PMB+F         14094.773    694 29577.546    994237.546   32129.214
327  PMB+F+I       13870.057    695 29130.114    996570.114   31685.458
328  PMB+F+G4      13219.281    695 27828.562    995268.562   30383.906
329  PMB+F+I+G4    13213.742    696 27819.484    998043.484   30378.505
330  PMB+F+R2      13304.775    696 28001.551    998225.551   30560.572
331  PMB+F+R3      13226.983    698 27849.965    1003653.965  30416.340
332  PMB+F+R4      13193.496    700 27786.993    1009186.993  30360.721
333  PMB+F+R5      13181.609    702 27767.218    1014779.218  30348.300
334  PMB+F+R6      13177.251    704 27762.502    1020402.502  30350.937
339  HIVb          14750.666    675 30851.332    943451.332   33333.141
340  HIVb+I        14488.593    676 30329.186    945633.186   32814.672
341  HIVb+G4       13709.889    676 28771.778    944075.778   31257.263
342  HIVb+I+G4     13703.183    677 28760.366    946772.366   31249.528
343  HIVb+R2       13853.167    677 29060.335    947072.335   31549.497
344  HIVb+R3       13740.775    679 28839.549    952279.549   31336.065
345  HIVb+R4       13695.083    681 28752.166    957636.166   31256.035
346  HIVb+R5       13674.812    683 28715.624    963059.624   31226.847
347  HIVb+R6       13666.265    685 28702.530    968522.530   31221.107
348  HIVb+R7       13661.374    687 28696.748    974008.748   31222.678
352  HIVb+F        14561.781    694 30511.562    995171.562   33063.229
353  HIVb+F+I      14331.014    695 30052.027    997492.027   32607.371
354  HIVb+F+G4     13569.341    695 28528.683    995968.683   31084.027
355  HIVb+F+I+G4   13561.477    696 28514.955    998738.955   31073.975
356  HIVb+F+R2     13698.632    696 28789.263    999013.263   31348.284
357  HIVb+F+R3     13595.114    698 28586.228    1004390.228  31152.602
358  HIVb+F+R4     13549.962    700 28499.924    1009899.924  31073.652
359  HIVb+F+R5     13530.330    702 28464.660    1015476.660  31045.741
360  HIVb+F+R6     13522.914    704 28453.829    1021093.829  31042.264
361  HIVb+F+R7     13518.378    706 28448.756    1026732.756  31044.544
365  HIVw          15439.545    675 32229.090    944829.090   34710.899
366  HIVw+I        15147.002    676 31646.003    946950.003   34131.489
367  HIVw+G4       14287.111    676 29926.222    945230.222   32411.708
368  HIVw+I+G4     14273.257    677 29900.514    947912.514   32389.676
369  HIVw+R2       14452.191    677 30258.381    948270.381   32747.543
370  HIVw+R3       14338.306    679 30034.612    953474.612   32531.128
371  HIVw+R4       14282.533    681 29927.065    958811.065   32430.935
372  HIVw+R5       14260.091    683 29886.182    964230.182   32397.405
373  HIVw+R6       14250.718    685 29871.437    969691.437   32390.013
374  HIVw+R7       14240.796    687 29855.593    975167.593   32381.523
375  HIVw+R8       14232.817    689 29843.634    980663.634   32376.917
376  HIVw+R9       14229.691    691 29841.381    986185.381   32382.018
378  HIVw+F        14992.503    694 31373.007    996033.007   33924.674
379  HIVw+F+I      14748.187    695 30886.373    998326.373   33441.717
380  HIVw+F+G4     13977.824    695 29345.649    996785.649   31900.992
381  HIVw+F+I+G4   13966.144    696 29324.287    999548.287   31883.308
382  HIVw+F+R2     14099.367    696 29590.733    999814.733   32149.754
383  HIVw+F+R3     14005.559    698 29407.117    1005211.117  31973.491
384  HIVw+F+R4     13957.116    700 29314.233    1010714.233  31887.960
385  HIVw+F+R5     13936.382    702 29276.764    1016288.764  31857.845
386  HIVw+F+R6     13928.414    704 29264.828    1021904.828  31853.262
387  HIVw+F+R7     13924.356    706 29260.711    1027544.711  31856.500
391  JTTDCMut      14133.698    675 29617.395    942217.395   32099.204
392  JTTDCMut+I    13891.021    676 29134.041    944438.041   31619.527
393  JTTDCMut+G4   13205.545    676 27763.089    943067.089   30248.575
394  JTTDCMut+I+G4 13201.356    677 27756.712    945768.712   30245.875
395  JTTDCMut+R2   13308.764    677 27971.528    945983.528   30460.690
396  JTTDCMut+R3   13221.220    679 27800.441    951240.441   30296.957
397  JTTDCMut+R4   13182.871    681 27727.742    956611.742   30231.611
398  JTTDCMut+R5   13169.423    683 27704.846    962048.846   30216.068
399  JTTDCMut+R6   13165.643    685 27701.285    967521.285   30219.861
404  JTTDCMut+F    13951.134    694 29290.268    993950.268   31841.935
405  JTTDCMut+F+I  13736.824    695 28863.648    996303.648   31418.992
406  JTTDCMut+F+G4 13086.096    695 27562.193    995002.193   30117.537
407  JTTDCMut+F+I+G4 13080.223    696 27552.446    997776.446   30111.467
408  JTTDCMut+F+R2 13169.723    696 27731.446    997955.446   30290.467
409  JTTDCMut+F+R3 13091.344    698 27578.687    1003382.687  30145.062
410  JTTDCMut+F+R4 13057.275    700 27514.550    1008914.550  30088.278
411  JTTDCMut+F+R5 13045.509    702 27495.018    1014507.018  30076.099
412  JTTDCMut+F+R6 13042.322    704 27492.644    1020132.644  30081.079
417  FLU           14567.881    675 30485.763    943085.763   32967.571
418  FLU+I         14337.554    676 30027.108    945331.108   32512.593
419  FLU+G4        13609.971    676 28571.942    943875.942   31057.427
420  FLU+I+G4      13593.477    677 28540.953    946552.953   31030.116
421  FLU+R2        13709.975    677 28773.949    946785.949   31263.112
422  FLU+R3        13626.647    679 28611.295    952051.295   31107.811
423  FLU+R4        13580.893    681 28523.786    957407.786   31027.655
424  FLU+R5        13563.567    683 28493.134    962837.134   31004.357
425  FLU+R6        13556.922    685 28483.843    968303.843   31002.419
426  FLU+R7        13553.848    687 28481.696    973793.696   31007.626
430  FLU+F         14362.576    694 30113.151    994773.151   32664.819
431  FLU+F+I       14172.796    695 29735.591    997175.591   32290.935
432  FLU+F+G4      13448.394    695 28286.789    995726.789   30842.133
433  FLU+F+I+G4    13440.360    696 28272.719    998496.719   30831.740
434  FLU+F+R2      13556.022    696 28504.043    998728.043   31063.064
435  FLU+F+R3      13464.963    698 28325.925    1004129.925  30892.299
436  FLU+F+R4      13424.477    700 28248.953    1009648.953  30822.681
437  FLU+F+R5      13411.651    702 28227.301    1015239.301  30808.382
438  FLU+F+R6      13406.702    704 28221.404    1020861.404  30809.838
443  Blosum62      14180.609    675 29711.217    942311.217   32193.026
444  Blosum62+I    13954.218    676 29260.436    944564.436   31745.922
445  Blosum62+G4   13274.899    676 27901.798    943205.798   30387.284
446  Blosum62+I+G4 13271.818    677 27897.636    945909.636   30386.798
447  Blosum62+R2   13362.630    677 28079.260    946091.260   30568.423
448  Blosum62+R3   13285.585    679 27929.170    951369.170   30425.686
449  Blosum62+R4   13250.058    681 27862.117    956746.117   30365.986
450  Blosum62+R5   13237.986    683 27841.972    962185.972   30353.195
451  Blosum62+R6   13234.495    685 27838.991    967658.991   30357.567
456  Blosum62+F    14091.028    694 29570.057    994230.057   32121.724
457  Blosum62+F+I  13872.085    695 29134.170    996574.170   31689.514
458  Blosum62+F+G4 13206.609    695 27803.219    995243.219   30358.563
459  Blosum62+F+I+G4 13201.866    696 27795.732    998019.732   30354.753
460  Blosum62+F+R2 13290.572    696 27973.143    998197.143   30532.164
461  Blosum62+F+R3 13213.787    698 27823.573    1003627.573  30389.947
462  Blosum62+F+R4 13180.377    700 27760.754    1009160.754  30334.482
463  Blosum62+F+R5 13169.307    702 27742.615    1014754.615  30323.696
464  Blosum62+F+R6 13165.734    704 27739.467    1020379.467  30327.902
469  mtMet         14101.353    675 29552.706    942152.706   32034.515
470  mtMet+I       13912.147    676 29176.294    944480.294   31661.779
471  mtMet+G4      13234.642    676 27821.284    943125.284   30306.769
472  mtMet+I+G4    13229.402    677 27812.803    945824.803   30301.966
473  mtMet+R2      13319.152    677 27992.305    946004.305   30481.467
474  mtMet+R3      13247.473    679 27852.945    951292.945   30349.461
475  mtMet+R4      13210.213    681 27782.427    956666.427   30286.296
476  mtMet+R5      13198.249    683 27762.498    962106.498   30273.721
477  mtMet+R6      13194.624    685 27759.248    967579.248   30277.824
482  mtMet+F       14021.370    694 29430.740    994090.740   31982.407
483  mtMet+F+I     13835.121    695 29060.242    996500.242   31615.586
484  mtMet+F+G4    13162.247    695 27714.495    995154.495   30269.839
485  mtMet+F+I+G4  13156.781    696 27705.562    997929.562   30264.583
486  mtMet+F+R2    13253.581    696 27899.163    998123.163   30458.184
487  mtMet+F+R3    13174.011    698 27744.021    1003548.021  30310.395
488  mtMet+F+R4    13137.519    700 27675.039    1009075.039  30248.767
489  mtMet+F+R5    13126.193    702 27656.385    1014668.385  30237.466
490  mtMet+F+R6    13123.636    704 27655.272    1020295.272  30243.706
495  mtVer         14419.705    675 30189.411    942789.411   32671.220
496  mtVer+I       14237.576    676 29827.153    945131.153   32312.638
497  mtVer+G4      13530.705    676 28413.409    943717.409   30898.895
498  mtVer+I+G4    13525.936    677 28405.872    946417.872   30895.035
499  mtVer+R2      13622.882    677 28599.765    946611.765   31088.927
500  mtVer+R3      13549.200    679 28456.401    951896.401   30952.917
501  mtVer+R4      13511.687    681 28385.373    957269.373   30889.242
502  mtVer+R5      13496.847    683 28359.693    962703.693   30870.916
503  mtVer+R6      13491.695    685 28353.391    968173.391   30871.967
508  mtVer+F       14240.350    694 29868.701    994528.701   32420.368
509  mtVer+F+I     14050.540    695 29491.079    996931.079   32046.423
510  mtVer+F+G4    13352.824    695 28095.648    995535.648   30650.992
511  mtVer+F+I+G4  13345.632    696 28083.265    998307.265   30642.285
512  mtVer+F+R2    13452.320    696 28296.640    998520.640   30855.661
513  mtVer+F+R3    13370.513    698 28137.026    1003941.026  30703.400
514  mtVer+F+R4    13331.076    700 28062.153    1009462.153  30635.881
515  mtVer+F+R5    13318.203    702 28040.406    1015052.406  30621.487
516  mtVer+F+R6    13314.404    704 28036.808    1020676.808  30625.242
521  mtInv         14051.070    675 29452.141    942052.141   31933.950
522  mtInv+I       13850.173    676 29052.346    944356.346   31537.831
523  mtInv+G4      13186.305    676 27724.610    943028.610   30210.095
524  mtInv+I+G4    13181.276    677 27716.552    945728.552   30205.715
525  mtInv+R2      13271.483    677 27896.966    945908.966   30386.128
526  mtInv+R3      13197.883    679 27753.766    951193.766   30250.282
527  mtInv+R4      13161.931    681 27685.863    956569.863   30189.732
528  mtInv+R5      13150.730    683 27667.461    962011.461   30178.684
529  mtInv+R6      13147.787    685 27665.573    967485.573   30184.150
534  mtInv+F       13897.590    694 29183.181    993843.181   31734.848
535  mtInv+F+I     13698.488    695 28786.977    996226.977   31342.320
536  mtInv+F+G4    13048.910    695 27487.821    994927.821   30043.165
537  mtInv+F+I+G4  13043.394    696 27478.788    997702.788   30037.808
538  mtInv+F+R2    13138.852    696 27669.703    997893.703   30228.724
539  mtInv+F+R3    13058.546    698 27513.093    1003317.093  30079.467
540  mtInv+F+R4    13025.044    700 27450.089    1008850.089  30023.816
541  mtInv+F+R5    13014.557    702 27433.114    1014445.114  30014.195
542  mtInv+F+R6    13012.473    704 27432.946    1020072.946  30021.380
Akaike Information Criterion:           LG+F+R7
Corrected Akaike Information Criterion: mtZOA
Bayesian Information Criterion:         mtZOA+R5
Best-fit model: mtZOA+R5 chosen according to BIC

All model information printed to rods_musc_aln.fasta-gb.model.gz
CPU time for ModelFinder: 2074.280 seconds (0h:34m:34s)
Wall-clock time for ModelFinder: 2084.893 seconds (0h:34m:44s)
Generating 1000 samples for ultrafast bootstrap (seed: 197981)...

NOTE: 73 MB RAM (0 GB) is required!
Estimate model parameters (epsilon = 0.100)
1. Initial log-likelihood: -13032.951
2. Current log-likelihood: -13000.600
3. Current log-likelihood: -12987.407
4. Current log-likelihood: -12983.943
5. Current log-likelihood: -12983.141
6. Current log-likelihood: -12983.023
Optimal log-likelihood: -12982.928
Site proportion and rates:  (0.471,0.168) (0.152,0.637) (0.115,1.244) (0.189,2.012) (0.074,4.093)
Parameters optimization took 6 rounds (19.343 sec)
Computing ML distances based on estimated model parameters... 37.912 sec
Computing BIONJ tree...
0.149 seconds
Log-likelihood of BIONJ tree: -13255.295
--------------------------------------------------------------------
|             INITIALIZING CANDIDATE TREE SET                      |
--------------------------------------------------------------------
Generating 98 parsimony trees... 9.808 second
Computing log-likelihood of 98 initial trees ... 50.951 seconds
Current best score: -12920.711

Do NNI search on 20 best initial trees
Estimate model parameters (epsilon = 0.100)
BETTER TREE FOUND at iteration 1: -12859.120
Estimate model parameters (epsilon = 0.100)
BETTER TREE FOUND at iteration 7: -12848.602
Iteration 10 / LogL: -12904.999 / Time: 0h:3m:46s
Iteration 20 / LogL: -12895.787 / Time: 0h:5m:31s
Finish initializing candidate tree set (20)
Current best tree score: -12848.602 / CPU time: 271.065
Number of iterations: 20
--------------------------------------------------------------------
|               OPTIMIZING CANDIDATE TREE SET                      |
--------------------------------------------------------------------
Estimate model parameters (epsilon = 0.100)
BETTER TREE FOUND at iteration 28: -12847.411
Iteration 30 / LogL: -12861.845 / Time: 0h:7m:42s (0h:26m:4s left)
Estimate model parameters (epsilon = 0.100)
BETTER TREE FOUND at iteration 31: -12833.454
Estimate model parameters (epsilon = 0.100)
BETTER TREE FOUND at iteration 34: -12832.346
Estimate model parameters (epsilon = 0.100)
BETTER TREE FOUND at iteration 40: -12829.375
Iteration 40 / LogL: -12829.375 / Time: 0h:9m:59s (0h:25m:37s left)
Iteration 50 / LogL: -12841.816 / Time: 0h:12m:7s (0h:22m:17s left)
Log-likelihood cutoff on original alignment: -12961.623
Estimate model parameters (epsilon = 0.100)
BETTER TREE FOUND at iteration 57: -12824.828
Iteration 60 / LogL: -12855.852 / Time: 0h:14m:5s (0h:23m:10s left)
Estimate model parameters (epsilon = 0.100)
BETTER TREE FOUND at iteration 64: -12813.672
Estimate model parameters (epsilon = 0.100)
BETTER TREE FOUND at iteration 69: -12813.377
Iteration 70 / LogL: -12862.041 / Time: 0h:16m:25s (0h:23m:34s left)
Estimate model parameters (epsilon = 0.100)
BETTER TREE FOUND at iteration 72: -12809.753
Iteration 80 / LogL: -12834.715 / Time: 0h:18m:30s (0h:21m:32s left)
Iteration 90 / LogL: -12825.481 / Time: 0h:20m:22s (0h:18m:46s left)
Iteration 100 / LogL: -12826.231 / Time: 0h:22m:30s (0h:16m:22s left)
Log-likelihood cutoff on original alignment: -12961.623
NOTE: Bootstrap correlation coefficient of split occurrence frequencies: 0.979
NOTE: UFBoot does not converge, continue at least 100 more iterations
Iteration 110 / LogL: -12941.357 / Time: 0h:24m:29s (0h:20m:13s left)
Iteration 120 / LogL: -12859.527 / Time: 0h:26m:29s (0h:17m:48s left)
Iteration 130 / LogL: -12819.436 / Time: 0h:28m:34s (0h:15m:30s left)
Iteration 140 / LogL: -12835.761 / Time: 0h:30m:43s (0h:13m:15s left)
Estimate model parameters (epsilon = 0.100)
BETTER TREE FOUND at iteration 141: -12809.414
Iteration 150 / LogL: -12822.696 / Time: 0h:32m:59s (0h:20m:8s left)
Log-likelihood cutoff on original alignment: -12961.623
Iteration 160 / LogL: -12812.718 / Time: 0h:35m:2s (0h:17m:50s left)
Iteration 170 / LogL: -12824.083 / Time: 0h:37m:1s (0h:15m:33s left)
Iteration 180 / LogL: -12839.600 / Time: 0h:39m:1s (0h:13m:17s left)
Iteration 190 / LogL: -12974.355 / Time: 0h:41m:6s (0h:11m:5s left)
Iteration 200 / LogL: -12828.470 / Time: 0h:43m:6s (0h:8m:52s left)
Log-likelihood cutoff on original alignment: -12961.623
NOTE: Bootstrap correlation coefficient of split occurrence frequencies: 0.995
Estimate model parameters (epsilon = 0.100)
BETTER TREE FOUND at iteration 205: -12809.359
Iteration 210 / LogL: -12825.726 / Time: 0h:45m:18s (0h:20m:35s left)
Estimate model parameters (epsilon = 0.100)
BETTER TREE FOUND at iteration 219: -12809.181
Iteration 220 / LogL: -12815.035 / Time: 0h:47m:27s (0h:21m:27s left)
Iteration 230 / LogL: -12826.703 / Time: 0h:49m:25s (0h:19m:12s left)
Estimate model parameters (epsilon = 0.100)
BETTER TREE FOUND at iteration 234: -12806.997
Iteration 240 / LogL: -12935.803 / Time: 0h:51m:32s (0h:20m:16s left)
Iteration 250 / LogL: -12847.266 / Time: 0h:53m:35s (0h:18m:4s left)
Log-likelihood cutoff on original alignment: -12958.917
Estimate model parameters (epsilon = 0.100)
BETTER TREE FOUND at iteration 255: -12806.169
Iteration 260 / LogL: -12809.412 / Time: 0h:55m:36s (0h:20m:23s left)
Iteration 270 / LogL: -12963.743 / Time: 0h:57m:38s (0h:18m:12s left)
Iteration 280 / LogL: -12822.095 / Time: 0h:59m:44s (0h:16m:3s left)
Iteration 290 / LogL: -12809.910 / Time: 1h:1m:50s (0h:13m:54s left)
Iteration 300 / LogL: -12853.284 / Time: 1h:3m:53s (0h:11m:45s left)
Log-likelihood cutoff on original alignment: -12928.175
NOTE: Bootstrap correlation coefficient of split occurrence frequencies: 0.993
Estimate model parameters (epsilon = 0.100)
BETTER TREE FOUND at iteration 306: -12801.380
Iteration 310 / LogL: -12837.913 / Time: 1h:5m:58s (0h:20m:29s left)
Iteration 320 / LogL: -12998.008 / Time: 1h:8m:2s (0h:18m:20s left)
Estimate model parameters (epsilon = 0.100)
BETTER TREE FOUND at iteration 324: -12801.206
Iteration 330 / LogL: -12807.132 / Time: 1h:10m:7s (0h:20m:2s left)
Iteration 340 / LogL: -12836.116 / Time: 1h:12m:5s (0h:17m:51s left)
Iteration 350 / LogL: -12817.093 / Time: 1h:14m:10s (0h:15m:43s left)
Log-likelihood cutoff on original alignment: -12928.175
Iteration 360 / LogL: -12808.850 / Time: 1h:16m:17s (0h:13m:36s left)
Estimate model parameters (epsilon = 0.100)
BETTER TREE FOUND at iteration 366: -12801.098
Iteration 370 / LogL: -12804.540 / Time: 1h:18m:29s (0h:20m:25s left)
Iteration 380 / LogL: -12859.407 / Time: 1h:20m:31s (0h:18m:16s left)
Iteration 390 / LogL: -12812.370 / Time: 1h:22m:34s (0h:16m:8s left)
Estimate model parameters (epsilon = 0.100)
BETTER TREE FOUND at iteration 392: -12800.292
Iteration 400 / LogL: -12827.494 / Time: 1h:24m:45s (0h:19m:32s left)
Log-likelihood cutoff on original alignment: -12928.175
NOTE: Bootstrap correlation coefficient of split occurrence frequencies: 0.988
NOTE: UFBoot does not converge, continue at least 100 more iterations
Iteration 410 / LogL: -12811.912 / Time: 1h:26m:47s (0h:19m:5s left)
Iteration 420 / LogL: -12878.429 / Time: 1h:28m:39s (0h:16m:55s left)
Iteration 430 / LogL: -12831.214 / Time: 1h:30m:44s (0h:14m:48s left)
Iteration 440 / LogL: -12816.922 / Time: 1h:32m:40s (0h:12m:40s left)
Iteration 450 / LogL: -12962.788 / Time: 1h:34m:49s (0h:10m:33s left)
Log-likelihood cutoff on original alignment: -12928.175
Iteration 460 / LogL: -12966.776 / Time: 1h:36m:50s (0h:8m:26s left)
Iteration 470 / LogL: -12800.611 / Time: 1h:38m:53s (0h:6m:19s left)
Iteration 480 / LogL: -12826.978 / Time: 1h:40m:56s (0h:4m:12s left)
Iteration 490 / LogL: -12801.344 / Time: 1h:43m:13s (0h:2m:6s left)
Iteration 500 / LogL: -12804.143 / Time: 1h:45m:16s (0h:0m:0s left)
Log-likelihood cutoff on original alignment: -12928.175
NOTE: Bootstrap correlation coefficient of split occurrence frequencies: 0.990
TREE SEARCH COMPLETED AFTER 500 ITERATIONS / Time: 1h:45m:17s

--------------------------------------------------------------------
|                    FINALIZING TREE SEARCH                        |
--------------------------------------------------------------------
Performs final model parameters optimization
Estimate model parameters (epsilon = 0.010)
1. Initial log-likelihood: -12800.292
Optimal log-likelihood: -12800.292
Site proportion and rates:  (0.488,0.179) (0.134,0.687) (0.136,1.325) (0.180,2.094) (0.060,4.337)
Parameters optimization took 1 rounds (1.658 sec)
BEST SCORE FOUND : -12800.292

Testing tree branches by SH-like aLRT with 1000 replicates...
3.631 sec.
Creating bootstrap support values...
Split supports printed to NEXUS file rods_musc_aln.fasta-gb.splits.nex
Total tree length: 10.409

Total number of iterations: 500
CPU time used for tree search: 6236.468 sec (1h:43m:56s)
Wall-clock time used for tree search: 6256.988 sec (1h:44m:16s)
Total CPU time used: 6302.572 sec (1h:45m:2s)
Total wall-clock time used: 6323.603 sec (1h:45m:23s)

Computing bootstrap consensus tree...
Reading input file rods_musc_aln.fasta-gb.splits.nex...
339 taxa and 6535 splits.
Consensus tree written to rods_musc_aln.fasta-gb.contree
Reading input trees file rods_musc_aln.fasta-gb.contree
Log-likelihood of consensus tree: -12802.539

Analysis results written to: 
  IQ-TREE report:                rods_musc_aln.fasta-gb.iqtree
  Maximum-likelihood tree:       rods_musc_aln.fasta-gb.treefile
  Likelihood distances:          rods_musc_aln.fasta-gb.mldist

Ultrafast bootstrap approximation results written to:
  Split support values:          rods_musc_aln.fasta-gb.splits.nex
  Consensus tree:                rods_musc_aln.fasta-gb.contree
  Screen log file:               rods_musc_aln.fasta-gb.log

Date and Time: Wed Sep  6 00:59:09 2023
